C:\USERS\GABRI\DESKTOP\SPHINX\POCKETSPHINX-5PREALPHA-WIN32\WIN32\POCKETSPHINX\RELEASE\PHONE_LOOP_SEARCH.OBJ
C:\USERS\GABRI\DESKTOP\SPHINX\POCKETSPHINX-5PREALPHA-WIN32\WIN32\POCKETSPHINX\RELEASE\NGRAM_SEARCH_FWDTREE.OBJ
C:\USERS\GABRI\DESKTOP\SPHINX\POCKETSPHINX-5PREALPHA-WIN32\WIN32\POCKETSPHINX\RELEASE\NGRAM_SEARCH_FWDFLAT.OBJ
C:\USERS\GABRI\DESKTOP\SPHINX\POCKETSPHINX-5PREALPHA-WIN32\WIN32\POCKETSPHINX\RELEASE\NGRAM_SEARCH.OBJ
C:\USERS\GABRI\DESKTOP\SPHINX\POCKETSPHINX-5PREALPHA-WIN32\WIN32\POCKETSPHINX\RELEASE\MS_SENONE.OBJ
C:\USERS\GABRI\DESKTOP\SPHINX\POCKETSPHINX-5PREALPHA-WIN32\WIN32\POCKETSPHINX\RELEASE\MS_MGAU.OBJ
C:\USERS\GABRI\DESKTOP\SPHINX\POCKETSPHINX-5PREALPHA-WIN32\WIN32\POCKETSPHINX\RELEASE\MS_GAUDEN.OBJ
C:\USERS\GABRI\DESKTOP\SPHINX\POCKETSPHINX-5PREALPHA-WIN32\WIN32\POCKETSPHINX\RELEASE\MDEF.OBJ
C:\USERS\GABRI\DESKTOP\SPHINX\POCKETSPHINX-5PREALPHA-WIN32\WIN32\POCKETSPHINX\RELEASE\KWS_SEARCH.OBJ
C:\USERS\GABRI\DESKTOP\SPHINX\POCKETSPHINX-5PREALPHA-WIN32\WIN32\POCKETSPHINX\RELEASE\KWS_DETECTIONS.OBJ
C:\USERS\GABRI\DESKTOP\SPHINX\POCKETSPHINX-5PREALPHA-WIN32\WIN32\POCKETSPHINX\RELEASE\HMM.OBJ
C:\USERS\GABRI\DESKTOP\SPHINX\POCKETSPHINX-5PREALPHA-WIN32\WIN32\POCKETSPHINX\RELEASE\FSG_SEARCH.OBJ
C:\USERS\GABRI\DESKTOP\SPHINX\POCKETSPHINX-5PREALPHA-WIN32\WIN32\POCKETSPHINX\RELEASE\FSG_LEXTREE.OBJ
C:\USERS\GABRI\DESKTOP\SPHINX\POCKETSPHINX-5PREALPHA-WIN32\WIN32\POCKETSPHINX\RELEASE\FSG_HISTORY.OBJ
C:\USERS\GABRI\DESKTOP\SPHINX\POCKETSPHINX-5PREALPHA-WIN32\WIN32\POCKETSPHINX\RELEASE\DICT2PID.OBJ
C:\USERS\GABRI\DESKTOP\SPHINX\POCKETSPHINX-5PREALPHA-WIN32\WIN32\POCKETSPHINX\RELEASE\DICT.OBJ
C:\USERS\GABRI\DESKTOP\SPHINX\POCKETSPHINX-5PREALPHA-WIN32\WIN32\POCKETSPHINX\RELEASE\BLKARRAY_LIST.OBJ
C:\USERS\GABRI\DESKTOP\SPHINX\POCKETSPHINX-5PREALPHA-WIN32\WIN32\POCKETSPHINX\RELEASE\BIN_MDEF.OBJ
C:\USERS\GABRI\DESKTOP\SPHINX\POCKETSPHINX-5PREALPHA-WIN32\WIN32\POCKETSPHINX\RELEASE\ALLPHONE_SEARCH.OBJ
C:\USERS\GABRI\DESKTOP\SPHINX\POCKETSPHINX-5PREALPHA-WIN32\WIN32\POCKETSPHINX\RELEASE\ACMOD.OBJ
C:\USERS\GABRI\DESKTOP\SPHINX\POCKETSPHINX-5PREALPHA-WIN32\WIN32\POCKETSPHINX\RELEASE\VECTOR.OBJ
C:\USERS\GABRI\DESKTOP\SPHINX\POCKETSPHINX-5PREALPHA-WIN32\WIN32\POCKETSPHINX\RELEASE\TMAT.OBJ
C:\USERS\GABRI\DESKTOP\SPHINX\POCKETSPHINX-5PREALPHA-WIN32\WIN32\POCKETSPHINX\RELEASE\S2_SEMI_MGAU.OBJ
C:\USERS\GABRI\DESKTOP\SPHINX\POCKETSPHINX-5PREALPHA-WIN32\WIN32\POCKETSPHINX\RELEASE\PTM_MGAU.OBJ
C:\USERS\GABRI\DESKTOP\SPHINX\POCKETSPHINX-5PREALPHA-WIN32\WIN32\POCKETSPHINX\RELEASE\PS_MLLR.OBJ
C:\USERS\GABRI\DESKTOP\SPHINX\POCKETSPHINX-5PREALPHA-WIN32\WIN32\POCKETSPHINX\RELEASE\PS_LATTICE.OBJ
C:\USERS\GABRI\DESKTOP\SPHINX\POCKETSPHINX-5PREALPHA-WIN32\WIN32\POCKETSPHINX\RELEASE\POCKETSPHINX.OBJ
C:\USERS\GABRI\DESKTOP\SPHINX\POCKETSPHINX-5PREALPHA-WIN32\WIN32\POCKETSPHINX\RELEASE\VC110.PDB
C:\USERS\GABRI\DESKTOP\SPHINX\POCKETSPHINX-5PREALPHA-WIN32\BIN\RELEASE\POCKETSPHINX.DLL
C:\Users\Gabri\Desktop\Sphinx\pocketsphinx-5prealpha-win32\bin\Release\pocketsphinx.lib
C:\Users\Gabri\Desktop\Sphinx\pocketsphinx-5prealpha-win32\bin\Release\pocketsphinx.exp
C:\Users\Gabri\Desktop\Sphinx\pocketsphinx-5prealpha-win32\win32\pocketsphinx\Release\acmod.obj
C:\Users\Gabri\Desktop\Sphinx\pocketsphinx-5prealpha-win32\win32\pocketsphinx\Release\allphone_search.obj
C:\Users\Gabri\Desktop\Sphinx\pocketsphinx-5prealpha-win32\win32\pocketsphinx\Release\bin_mdef.obj
C:\Users\Gabri\Desktop\Sphinx\pocketsphinx-5prealpha-win32\win32\pocketsphinx\Release\blkarray_list.obj
C:\Users\Gabri\Desktop\Sphinx\pocketsphinx-5prealpha-win32\win32\pocketsphinx\Release\dict.obj
C:\Users\Gabri\Desktop\Sphinx\pocketsphinx-5prealpha-win32\win32\pocketsphinx\Release\dict2pid.obj
C:\Users\Gabri\Desktop\Sphinx\pocketsphinx-5prealpha-win32\win32\pocketsphinx\Release\fsg_history.obj
C:\Users\Gabri\Desktop\Sphinx\pocketsphinx-5prealpha-win32\win32\pocketsphinx\Release\fsg_lextree.obj
C:\Users\Gabri\Desktop\Sphinx\pocketsphinx-5prealpha-win32\win32\pocketsphinx\Release\fsg_search.obj
C:\Users\Gabri\Desktop\Sphinx\pocketsphinx-5prealpha-win32\win32\pocketsphinx\Release\hmm.obj
C:\Users\Gabri\Desktop\Sphinx\pocketsphinx-5prealpha-win32\win32\pocketsphinx\Release\kws_detections.obj
C:\Users\Gabri\Desktop\Sphinx\pocketsphinx-5prealpha-win32\win32\pocketsphinx\Release\kws_search.obj
C:\Users\Gabri\Desktop\Sphinx\pocketsphinx-5prealpha-win32\win32\pocketsphinx\Release\mdef.obj
C:\Users\Gabri\Desktop\Sphinx\pocketsphinx-5prealpha-win32\win32\pocketsphinx\Release\ms_gauden.obj
C:\Users\Gabri\Desktop\Sphinx\pocketsphinx-5prealpha-win32\win32\pocketsphinx\Release\ms_mgau.obj
C:\Users\Gabri\Desktop\Sphinx\pocketsphinx-5prealpha-win32\win32\pocketsphinx\Release\ms_senone.obj
C:\Users\Gabri\Desktop\Sphinx\pocketsphinx-5prealpha-win32\win32\pocketsphinx\Release\ngram_search.obj
C:\Users\Gabri\Desktop\Sphinx\pocketsphinx-5prealpha-win32\win32\pocketsphinx\Release\ngram_search_fwdflat.obj
C:\Users\Gabri\Desktop\Sphinx\pocketsphinx-5prealpha-win32\win32\pocketsphinx\Release\ngram_search_fwdtree.obj
C:\Users\Gabri\Desktop\Sphinx\pocketsphinx-5prealpha-win32\win32\pocketsphinx\Release\phone_loop_search.obj
C:\Users\Gabri\Desktop\Sphinx\pocketsphinx-5prealpha-win32\win32\pocketsphinx\Release\pocketsphinx.obj
C:\Users\Gabri\Desktop\Sphinx\pocketsphinx-5prealpha-win32\win32\pocketsphinx\Release\ps_lattice.obj
C:\Users\Gabri\Desktop\Sphinx\pocketsphinx-5prealpha-win32\win32\pocketsphinx\Release\ps_mllr.obj
C:\Users\Gabri\Desktop\Sphinx\pocketsphinx-5prealpha-win32\win32\pocketsphinx\Release\ptm_mgau.obj
C:\Users\Gabri\Desktop\Sphinx\pocketsphinx-5prealpha-win32\win32\pocketsphinx\Release\s2_semi_mgau.obj
C:\Users\Gabri\Desktop\Sphinx\pocketsphinx-5prealpha-win32\win32\pocketsphinx\Release\tmat.obj
C:\Users\Gabri\Desktop\Sphinx\pocketsphinx-5prealpha-win32\win32\pocketsphinx\Release\vector.obj
C:\Users\Gabri\Desktop\Sphinx\pocketsphinx-5prealpha-win32\win32\pocketsphinx\Release\cl.command.1.tlog
C:\Users\Gabri\Desktop\Sphinx\pocketsphinx-5prealpha-win32\win32\pocketsphinx\Release\CL.read.1.tlog
C:\Users\Gabri\Desktop\Sphinx\pocketsphinx-5prealpha-win32\win32\pocketsphinx\Release\CL.write.1.tlog
C:\Users\Gabri\Desktop\Sphinx\pocketsphinx-5prealpha-win32\win32\pocketsphinx\Release\link-cvtres.read.1.tlog
C:\Users\Gabri\Desktop\Sphinx\pocketsphinx-5prealpha-win32\win32\pocketsphinx\Release\link-cvtres.write.1.tlog
C:\Users\Gabri\Desktop\Sphinx\pocketsphinx-5prealpha-win32\win32\pocketsphinx\Release\link-rc.read.1.tlog
C:\Users\Gabri\Desktop\Sphinx\pocketsphinx-5prealpha-win32\win32\pocketsphinx\Release\link-rc.write.1.tlog
C:\Users\Gabri\Desktop\Sphinx\pocketsphinx-5prealpha-win32\win32\pocketsphinx\Release\link.command.1.tlog
C:\Users\Gabri\Desktop\Sphinx\pocketsphinx-5prealpha-win32\win32\pocketsphinx\Release\link.read.1.tlog
C:\Users\Gabri\Desktop\Sphinx\pocketsphinx-5prealpha-win32\win32\pocketsphinx\Release\link.write.1.tlog
C:\Users\Gabri\Desktop\Sphinx\pocketsphinx-5prealpha-win32\win32\pocketsphinx\Release\pocketsphinx.write.1.tlog
C:\Users\Gabri\Desktop\Sphinx\pocketsphinx-5prealpha-win32\win32\pocketsphinx\Release\vc110.pdb
C:\Users\Gabri\Desktop\Sphinx\pocketsphinx-5prealpha-win32\\bin\Release\pocketsphinx.dll
