C:\USERS\GABRI\DESKTOP\SPHINX\SPHINXBASE\WIN32\SPHINX_FE\DEBUG\SPHINX_FE.OBJ
C:\USERS\GABRI\DESKTOP\SPHINX\SPHINXBASE\WIN32\SPHINX_FE\DEBUG\VC110.PDB
C:\USERS\GABRI\DESKTOP\SPHINX\SPHINXBASE\BIN\DEBUG\SPHINX_FE.ILK
C:\USERS\GABRI\DESKTOP\SPHINX\SPHINXBASE\BIN\DEBUG\SPHINX_FE.EXE
C:\USERS\GABRI\DESKTOP\SPHINX\SPHINXBASE\BIN\DEBUG\SPHINX_FE.PDB
C:\Users\Gabri\Desktop\Sphinx\sphinxbase\win32\sphinx_fe\Debug\sphinx_fe.obj
C:\Users\Gabri\Desktop\Sphinx\sphinxbase\win32\sphinx_fe\Debug\cl.command.1.tlog
C:\Users\Gabri\Desktop\Sphinx\sphinxbase\win32\sphinx_fe\Debug\CL.read.1.tlog
C:\Users\Gabri\Desktop\Sphinx\sphinxbase\win32\sphinx_fe\Debug\CL.write.1.tlog
C:\Users\Gabri\Desktop\Sphinx\sphinxbase\win32\sphinx_fe\Debug\link-cvtres.read.1.tlog
C:\Users\Gabri\Desktop\Sphinx\sphinxbase\win32\sphinx_fe\Debug\link-cvtres.write.1.tlog
C:\Users\Gabri\Desktop\Sphinx\sphinxbase\win32\sphinx_fe\Debug\link-rc.read.1.tlog
C:\Users\Gabri\Desktop\Sphinx\sphinxbase\win32\sphinx_fe\Debug\link-rc.write.1.tlog
C:\Users\Gabri\Desktop\Sphinx\sphinxbase\win32\sphinx_fe\Debug\link.command.1.tlog
C:\Users\Gabri\Desktop\Sphinx\sphinxbase\win32\sphinx_fe\Debug\link.read.1.tlog
C:\Users\Gabri\Desktop\Sphinx\sphinxbase\win32\sphinx_fe\Debug\link.write.1.tlog
C:\Users\Gabri\Desktop\Sphinx\sphinxbase\win32\sphinx_fe\Debug\vc110.idb
C:\Users\Gabri\Desktop\Sphinx\sphinxbase\win32\sphinx_fe\Debug\vc110.pdb
C:\Users\Gabri\Desktop\Sphinx\sphinxbase\\bin\Debug\sphinx_fe.pdb
C:\Users\Gabri\Desktop\Sphinx\sphinxbase\\bin\Debug\sphinx_fe.exe
C:\Users\Gabri\Desktop\Sphinx\sphinxbase\\bin\Debug\sphinx_fe.ilk
