C:\USERS\GABRI\DESKTOP\SPHINX\SPHINXBASE\WIN32\SPHINX_LM_CONVERT\DEBUG\SPHINX_LM_CONVERT.OBJ
C:\USERS\GABRI\DESKTOP\SPHINX\SPHINXBASE\WIN32\SPHINX_LM_CONVERT\DEBUG\VC110.PDB
C:\USERS\GABRI\DESKTOP\SPHINX\SPHINXBASE\BIN\DEBUG\SPHINX_LM_CONVERT.ILK
C:\USERS\GABRI\DESKTOP\SPHINX\SPHINXBASE\BIN\DEBUG\SPHINX_LM_CONVERT.EXE
C:\USERS\GABRI\DESKTOP\SPHINX\SPHINXBASE\BIN\DEBUG\SPHINX_LM_CONVERT.PDB
C:\Users\Gabri\Desktop\Sphinx\sphinxbase\win32\sphinx_lm_convert\Debug\sphinx_lm_convert.obj
C:\Users\Gabri\Desktop\Sphinx\sphinxbase\win32\sphinx_lm_convert\Debug\cl.command.1.tlog
C:\Users\Gabri\Desktop\Sphinx\sphinxbase\win32\sphinx_lm_convert\Debug\CL.read.1.tlog
C:\Users\Gabri\Desktop\Sphinx\sphinxbase\win32\sphinx_lm_convert\Debug\CL.write.1.tlog
C:\Users\Gabri\Desktop\Sphinx\sphinxbase\win32\sphinx_lm_convert\Debug\link-cvtres.read.1.tlog
C:\Users\Gabri\Desktop\Sphinx\sphinxbase\win32\sphinx_lm_convert\Debug\link-cvtres.write.1.tlog
C:\Users\Gabri\Desktop\Sphinx\sphinxbase\win32\sphinx_lm_convert\Debug\link-rc.read.1.tlog
C:\Users\Gabri\Desktop\Sphinx\sphinxbase\win32\sphinx_lm_convert\Debug\link-rc.write.1.tlog
C:\Users\Gabri\Desktop\Sphinx\sphinxbase\win32\sphinx_lm_convert\Debug\link.command.1.tlog
C:\Users\Gabri\Desktop\Sphinx\sphinxbase\win32\sphinx_lm_convert\Debug\link.read.1.tlog
C:\Users\Gabri\Desktop\Sphinx\sphinxbase\win32\sphinx_lm_convert\Debug\link.write.1.tlog
C:\Users\Gabri\Desktop\Sphinx\sphinxbase\win32\sphinx_lm_convert\Debug\vc110.idb
C:\Users\Gabri\Desktop\Sphinx\sphinxbase\win32\sphinx_lm_convert\Debug\vc110.pdb
C:\Users\Gabri\Desktop\Sphinx\sphinxbase\\bin\Debug\sphinx_lm_convert.pdb
C:\Users\Gabri\Desktop\Sphinx\sphinxbase\\bin\Debug\sphinx_lm_convert.exe
C:\Users\Gabri\Desktop\Sphinx\sphinxbase\\bin\Debug\sphinx_lm_convert.ilk
