C:\USERS\GABRI\DESKTOP\SPHINX\SPHINXBASE\WIN32\SPHINX_PITCH\DEBUG\SPHINX_PITCH.OBJ
C:\USERS\GABRI\DESKTOP\SPHINX\SPHINXBASE\WIN32\SPHINX_PITCH\DEBUG\VC110.PDB
C:\USERS\GABRI\DESKTOP\SPHINX\SPHINXBASE\BIN\DEBUG\SPHINX_PITCH.ILK
C:\USERS\GABRI\DESKTOP\SPHINX\SPHINXBASE\BIN\DEBUG\SPHINX_PITCH.EXE
C:\USERS\GABRI\DESKTOP\SPHINX\SPHINXBASE\BIN\DEBUG\SPHINX_PITCH.PDB
C:\Users\Gabri\Desktop\Sphinx\sphinxbase\win32\sphinx_pitch\Debug\sphinx_pitch.obj
C:\Users\Gabri\Desktop\Sphinx\sphinxbase\win32\sphinx_pitch\Debug\cl.command.1.tlog
C:\Users\Gabri\Desktop\Sphinx\sphinxbase\win32\sphinx_pitch\Debug\CL.read.1.tlog
C:\Users\Gabri\Desktop\Sphinx\sphinxbase\win32\sphinx_pitch\Debug\CL.write.1.tlog
C:\Users\Gabri\Desktop\Sphinx\sphinxbase\win32\sphinx_pitch\Debug\link-cvtres.read.1.tlog
C:\Users\Gabri\Desktop\Sphinx\sphinxbase\win32\sphinx_pitch\Debug\link-cvtres.write.1.tlog
C:\Users\Gabri\Desktop\Sphinx\sphinxbase\win32\sphinx_pitch\Debug\link-rc.read.1.tlog
C:\Users\Gabri\Desktop\Sphinx\sphinxbase\win32\sphinx_pitch\Debug\link-rc.write.1.tlog
C:\Users\Gabri\Desktop\Sphinx\sphinxbase\win32\sphinx_pitch\Debug\link.command.1.tlog
C:\Users\Gabri\Desktop\Sphinx\sphinxbase\win32\sphinx_pitch\Debug\link.read.1.tlog
C:\Users\Gabri\Desktop\Sphinx\sphinxbase\win32\sphinx_pitch\Debug\link.write.1.tlog
C:\Users\Gabri\Desktop\Sphinx\sphinxbase\win32\sphinx_pitch\Debug\vc110.idb
C:\Users\Gabri\Desktop\Sphinx\sphinxbase\win32\sphinx_pitch\Debug\vc110.pdb
C:\Users\Gabri\Desktop\Sphinx\sphinxbase\\bin\Debug\sphinx_pitch.pdb
C:\Users\Gabri\Desktop\Sphinx\sphinxbase\\bin\Debug\sphinx_pitch.exe
C:\Users\Gabri\Desktop\Sphinx\sphinxbase\\bin\Debug\sphinx_pitch.ilk
