C:\USERS\GABRI\DESKTOP\SPHINX\SPHINXBASE\WIN32\SPHINX_CEPVIEW\DEBUG\MAIN_CEPVIEW.OBJ
C:\USERS\GABRI\DESKTOP\SPHINX\SPHINXBASE\WIN32\SPHINX_CEPVIEW\DEBUG\VC110.PDB
C:\USERS\GABRI\DESKTOP\SPHINX\SPHINXBASE\BIN\DEBUG\SPHINX_CEPVIEW.ILK
C:\USERS\GABRI\DESKTOP\SPHINX\SPHINXBASE\BIN\DEBUG\SPHINX_CEPVIEW.EXE
C:\USERS\GABRI\DESKTOP\SPHINX\SPHINXBASE\BIN\DEBUG\SPHINX_CEPVIEW.PDB
C:\Users\Gabri\Desktop\Sphinx\sphinxbase\win32\sphinx_cepview\Debug\main_cepview.obj
C:\Users\Gabri\Desktop\Sphinx\sphinxbase\win32\sphinx_cepview\Debug\cl.command.1.tlog
C:\Users\Gabri\Desktop\Sphinx\sphinxbase\win32\sphinx_cepview\Debug\CL.read.1.tlog
C:\Users\Gabri\Desktop\Sphinx\sphinxbase\win32\sphinx_cepview\Debug\CL.write.1.tlog
C:\Users\Gabri\Desktop\Sphinx\sphinxbase\win32\sphinx_cepview\Debug\link-cvtres.read.1.tlog
C:\Users\Gabri\Desktop\Sphinx\sphinxbase\win32\sphinx_cepview\Debug\link-cvtres.write.1.tlog
C:\Users\Gabri\Desktop\Sphinx\sphinxbase\win32\sphinx_cepview\Debug\link-rc.read.1.tlog
C:\Users\Gabri\Desktop\Sphinx\sphinxbase\win32\sphinx_cepview\Debug\link-rc.write.1.tlog
C:\Users\Gabri\Desktop\Sphinx\sphinxbase\win32\sphinx_cepview\Debug\link.command.1.tlog
C:\Users\Gabri\Desktop\Sphinx\sphinxbase\win32\sphinx_cepview\Debug\link.read.1.tlog
C:\Users\Gabri\Desktop\Sphinx\sphinxbase\win32\sphinx_cepview\Debug\link.write.1.tlog
C:\Users\Gabri\Desktop\Sphinx\sphinxbase\win32\sphinx_cepview\Debug\vc110.idb
C:\Users\Gabri\Desktop\Sphinx\sphinxbase\win32\sphinx_cepview\Debug\vc110.pdb
C:\Users\Gabri\Desktop\Sphinx\sphinxbase\\bin\Debug\sphinx_cepview.pdb
C:\Users\Gabri\Desktop\Sphinx\sphinxbase\\bin\Debug\sphinx_cepview.exe
C:\Users\Gabri\Desktop\Sphinx\sphinxbase\\bin\Debug\sphinx_cepview.ilk
