C:\USERS\GABRI\DESKTOP\SPHINX\POCKETSPHINX-5PREALPHA-WIN32\WIN32\POCKETSPHINX_BATCH\DEBUG\BATCH.OBJ
C:\USERS\GABRI\DESKTOP\SPHINX\POCKETSPHINX-5PREALPHA-WIN32\WIN32\POCKETSPHINX_BATCH\DEBUG\VC110.PDB
C:\USERS\GABRI\DESKTOP\SPHINX\POCKETSPHINX-5PREALPHA-WIN32\BIN\DEBUG\POCKETSPHINX_BATCH.ILK
C:\USERS\GABRI\DESKTOP\SPHINX\POCKETSPHINX-5PREALPHA-WIN32\BIN\DEBUG\POCKETSPHINX_BATCH.EXE
C:\USERS\GABRI\DESKTOP\SPHINX\POCKETSPHINX-5PREALPHA-WIN32\BIN\DEBUG\POCKETSPHINX_BATCH.PDB
C:\Users\Gabri\Desktop\Sphinx\pocketsphinx-5prealpha-win32\win32\pocketsphinx_batch\Debug\pocketsphinx_batch.vcxprojResolveAssemblyReference.cache
C:\Users\Gabri\Desktop\Sphinx\pocketsphinx-5prealpha-win32\win32\pocketsphinx_batch\Debug\batch.obj
C:\Users\Gabri\Desktop\Sphinx\pocketsphinx-5prealpha-win32\win32\pocketsphinx_batch\Debug\cl.command.1.tlog
C:\Users\Gabri\Desktop\Sphinx\pocketsphinx-5prealpha-win32\win32\pocketsphinx_batch\Debug\CL.read.1.tlog
C:\Users\Gabri\Desktop\Sphinx\pocketsphinx-5prealpha-win32\win32\pocketsphinx_batch\Debug\CL.write.1.tlog
C:\Users\Gabri\Desktop\Sphinx\pocketsphinx-5prealpha-win32\win32\pocketsphinx_batch\Debug\link-cvtres.read.1.tlog
C:\Users\Gabri\Desktop\Sphinx\pocketsphinx-5prealpha-win32\win32\pocketsphinx_batch\Debug\link-cvtres.write.1.tlog
C:\Users\Gabri\Desktop\Sphinx\pocketsphinx-5prealpha-win32\win32\pocketsphinx_batch\Debug\link-rc.read.1.tlog
C:\Users\Gabri\Desktop\Sphinx\pocketsphinx-5prealpha-win32\win32\pocketsphinx_batch\Debug\link-rc.write.1.tlog
C:\Users\Gabri\Desktop\Sphinx\pocketsphinx-5prealpha-win32\win32\pocketsphinx_batch\Debug\link.command.1.tlog
C:\Users\Gabri\Desktop\Sphinx\pocketsphinx-5prealpha-win32\win32\pocketsphinx_batch\Debug\link.read.1.tlog
C:\Users\Gabri\Desktop\Sphinx\pocketsphinx-5prealpha-win32\win32\pocketsphinx_batch\Debug\link.write.1.tlog
C:\Users\Gabri\Desktop\Sphinx\pocketsphinx-5prealpha-win32\win32\pocketsphinx_batch\Debug\vc110.idb
C:\Users\Gabri\Desktop\Sphinx\pocketsphinx-5prealpha-win32\win32\pocketsphinx_batch\Debug\vc110.pdb
C:\Users\Gabri\Desktop\Sphinx\pocketsphinx-5prealpha-win32\\bin\Debug\pocketsphinx_batch.pdb
C:\Users\Gabri\Desktop\Sphinx\pocketsphinx-5prealpha-win32\\bin\Debug\pocketsphinx_batch.exe
C:\Users\Gabri\Desktop\Sphinx\pocketsphinx-5prealpha-win32\\bin\Debug\pocketsphinx_batch.ilk
