C:\USERS\GABRI\DESKTOP\SPHINX\SPHINXBASE\WIN32\SPHINXBASE\DEBUG\CMD_LN.OBJ
C:\USERS\GABRI\DESKTOP\SPHINX\SPHINXBASE\WIN32\SPHINXBASE\DEBUG\DTOA.OBJ
C:\USERS\GABRI\DESKTOP\SPHINX\SPHINXBASE\WIN32\SPHINXBASE\DEBUG\ERR.OBJ
C:\USERS\GABRI\DESKTOP\SPHINX\SPHINXBASE\WIN32\SPHINXBASE\DEBUG\F2C_LITE.OBJ
C:\USERS\GABRI\DESKTOP\SPHINX\SPHINXBASE\WIN32\SPHINXBASE\DEBUG\FILENAME.OBJ
C:\USERS\GABRI\DESKTOP\SPHINX\SPHINXBASE\WIN32\SPHINXBASE\DEBUG\GENRAND.OBJ
C:\USERS\GABRI\DESKTOP\SPHINX\SPHINXBASE\WIN32\SPHINXBASE\DEBUG\GLIST.OBJ
C:\USERS\GABRI\DESKTOP\SPHINX\SPHINXBASE\WIN32\SPHINXBASE\DEBUG\HASH_TABLE.OBJ
C:\USERS\GABRI\DESKTOP\SPHINX\SPHINXBASE\WIN32\SPHINXBASE\DEBUG\HEAP.OBJ
C:\USERS\GABRI\DESKTOP\SPHINX\SPHINXBASE\WIN32\SPHINXBASE\DEBUG\HUFF_CODE.OBJ
C:\USERS\GABRI\DESKTOP\SPHINX\SPHINXBASE\WIN32\SPHINXBASE\DEBUG\LISTELEM_ALLOC.OBJ
C:\USERS\GABRI\DESKTOP\SPHINX\SPHINXBASE\WIN32\SPHINXBASE\DEBUG\LOGMATH.OBJ
C:\USERS\GABRI\DESKTOP\SPHINX\SPHINXBASE\WIN32\SPHINXBASE\DEBUG\MATRIX.OBJ
C:\USERS\GABRI\DESKTOP\SPHINX\SPHINXBASE\WIN32\SPHINXBASE\DEBUG\MMIO.OBJ
C:\USERS\GABRI\DESKTOP\SPHINX\SPHINXBASE\WIN32\SPHINXBASE\DEBUG\PIO.OBJ
C:\USERS\GABRI\DESKTOP\SPHINX\SPHINXBASE\WIN32\SPHINXBASE\DEBUG\PROFILE.OBJ
C:\USERS\GABRI\DESKTOP\SPHINX\SPHINXBASE\WIN32\SPHINXBASE\DEBUG\SBTHREAD.OBJ
C:\USERS\GABRI\DESKTOP\SPHINX\SPHINXBASE\WIN32\SPHINXBASE\DEBUG\SLAMCH.OBJ
C:\USERS\GABRI\DESKTOP\SPHINX\SPHINXBASE\WIN32\SPHINXBASE\DEBUG\SLAPACK_LITE.OBJ
C:\USERS\GABRI\DESKTOP\SPHINX\SPHINXBASE\WIN32\SPHINXBASE\DEBUG\STRFUNCS.OBJ
C:\USERS\GABRI\DESKTOP\SPHINX\SPHINXBASE\WIN32\SPHINXBASE\DEBUG\FE_WARP.OBJ
C:\USERS\GABRI\DESKTOP\SPHINX\SPHINXBASE\WIN32\SPHINXBASE\DEBUG\FE_WARP_INVERSE_LINEAR.OBJ
C:\USERS\GABRI\DESKTOP\SPHINX\SPHINXBASE\WIN32\SPHINXBASE\DEBUG\FE_WARP_PIECEWISE_LINEAR.OBJ
C:\USERS\GABRI\DESKTOP\SPHINX\SPHINXBASE\WIN32\SPHINXBASE\DEBUG\FIXLOG.OBJ
C:\USERS\GABRI\DESKTOP\SPHINX\SPHINXBASE\WIN32\SPHINXBASE\DEBUG\YIN.OBJ
C:\USERS\GABRI\DESKTOP\SPHINX\SPHINXBASE\WIN32\SPHINXBASE\DEBUG\FSG_MODEL.OBJ
C:\USERS\GABRI\DESKTOP\SPHINX\SPHINXBASE\WIN32\SPHINXBASE\DEBUG\JSGF.OBJ
C:\USERS\GABRI\DESKTOP\SPHINX\SPHINXBASE\WIN32\SPHINXBASE\DEBUG\JSGF_PARSER.OBJ
C:\USERS\GABRI\DESKTOP\SPHINX\SPHINXBASE\WIN32\SPHINXBASE\DEBUG\JSGF_SCANNER.OBJ
C:\USERS\GABRI\DESKTOP\SPHINX\SPHINXBASE\WIN32\SPHINXBASE\DEBUG\LM3G_MODEL.OBJ
C:\USERS\GABRI\DESKTOP\SPHINX\SPHINXBASE\WIN32\SPHINXBASE\DEBUG\NGRAM_MODEL_ARPA.OBJ
C:\USERS\GABRI\DESKTOP\SPHINX\SPHINXBASE\WIN32\SPHINXBASE\DEBUG\NGRAM_MODEL.OBJ
C:\USERS\GABRI\DESKTOP\SPHINX\SPHINXBASE\WIN32\SPHINXBASE\DEBUG\NGRAM_MODEL_DMP32.OBJ
C:\USERS\GABRI\DESKTOP\SPHINX\SPHINXBASE\WIN32\SPHINXBASE\DEBUG\NGRAM_MODEL_DMP.OBJ
C:\USERS\GABRI\DESKTOP\SPHINX\SPHINXBASE\WIN32\SPHINXBASE\DEBUG\NGRAM_MODEL_SET.OBJ
C:\USERS\GABRI\DESKTOP\SPHINX\SPHINXBASE\WIN32\SPHINXBASE\DEBUG\BIO.OBJ
C:\USERS\GABRI\DESKTOP\SPHINX\SPHINXBASE\WIN32\SPHINXBASE\DEBUG\BITVEC.OBJ
C:\USERS\GABRI\DESKTOP\SPHINX\SPHINXBASE\WIN32\SPHINXBASE\DEBUG\BLAS_LITE.OBJ
C:\USERS\GABRI\DESKTOP\SPHINX\SPHINXBASE\WIN32\SPHINXBASE\DEBUG\CASE.OBJ
C:\USERS\GABRI\DESKTOP\SPHINX\SPHINXBASE\WIN32\SPHINXBASE\DEBUG\CKD_ALLOC.OBJ
C:\USERS\GABRI\DESKTOP\SPHINX\SPHINXBASE\WIN32\SPHINXBASE\DEBUG\AD_WIN32.OBJ
C:\USERS\GABRI\DESKTOP\SPHINX\SPHINXBASE\WIN32\SPHINXBASE\DEBUG\AGC.OBJ
C:\USERS\GABRI\DESKTOP\SPHINX\SPHINXBASE\WIN32\SPHINXBASE\DEBUG\CMN.OBJ
C:\USERS\GABRI\DESKTOP\SPHINX\SPHINXBASE\WIN32\SPHINXBASE\DEBUG\CMN_PRIOR.OBJ
C:\USERS\GABRI\DESKTOP\SPHINX\SPHINXBASE\WIN32\SPHINXBASE\DEBUG\FEAT.OBJ
C:\USERS\GABRI\DESKTOP\SPHINX\SPHINXBASE\WIN32\SPHINXBASE\DEBUG\LDA.OBJ
C:\USERS\GABRI\DESKTOP\SPHINX\SPHINXBASE\WIN32\SPHINXBASE\DEBUG\FE_INTERFACE.OBJ
C:\USERS\GABRI\DESKTOP\SPHINX\SPHINXBASE\WIN32\SPHINXBASE\DEBUG\FE_NOISE.OBJ
C:\USERS\GABRI\DESKTOP\SPHINX\SPHINXBASE\WIN32\SPHINXBASE\DEBUG\FE_PRESPCH_BUF.OBJ
C:\USERS\GABRI\DESKTOP\SPHINX\SPHINXBASE\WIN32\SPHINXBASE\DEBUG\FE_SIGPROC.OBJ
C:\USERS\GABRI\DESKTOP\SPHINX\SPHINXBASE\WIN32\SPHINXBASE\DEBUG\FE_WARP_AFFINE.OBJ
C:\USERS\GABRI\DESKTOP\SPHINX\SPHINXBASE\WIN32\SPHINXBASE\DEBUG\VC110.PDB
C:\USERS\GABRI\DESKTOP\SPHINX\SPHINXBASE\BIN\DEBUG\SPHINXBASE.ILK
C:\USERS\GABRI\DESKTOP\SPHINX\SPHINXBASE\BIN\DEBUG\SPHINXBASE.DLL
C:\USERS\GABRI\DESKTOP\SPHINX\SPHINXBASE\BIN\DEBUG\SPHINXBASE.PDB
C:\Users\Gabri\Desktop\Sphinx\sphinxbase\bin\Debug\sphinxbase.lib
C:\Users\Gabri\Desktop\Sphinx\sphinxbase\bin\Debug\sphinxbase.exp
C:\Users\Gabri\Desktop\Sphinx\sphinxbase\win32\sphinxbase\Debug\ad_win32.obj
C:\Users\Gabri\Desktop\Sphinx\sphinxbase\win32\sphinxbase\Debug\agc.obj
C:\Users\Gabri\Desktop\Sphinx\sphinxbase\win32\sphinxbase\Debug\bio.obj
C:\Users\Gabri\Desktop\Sphinx\sphinxbase\win32\sphinxbase\Debug\bitvec.obj
C:\Users\Gabri\Desktop\Sphinx\sphinxbase\win32\sphinxbase\Debug\blas_lite.obj
C:\Users\Gabri\Desktop\Sphinx\sphinxbase\win32\sphinxbase\Debug\case.obj
C:\Users\Gabri\Desktop\Sphinx\sphinxbase\win32\sphinxbase\Debug\ckd_alloc.obj
C:\Users\Gabri\Desktop\Sphinx\sphinxbase\win32\sphinxbase\Debug\cmd_ln.obj
C:\Users\Gabri\Desktop\Sphinx\sphinxbase\win32\sphinxbase\Debug\cmn.obj
C:\Users\Gabri\Desktop\Sphinx\sphinxbase\win32\sphinxbase\Debug\cmn_prior.obj
C:\Users\Gabri\Desktop\Sphinx\sphinxbase\win32\sphinxbase\Debug\dtoa.obj
C:\Users\Gabri\Desktop\Sphinx\sphinxbase\win32\sphinxbase\Debug\err.obj
C:\Users\Gabri\Desktop\Sphinx\sphinxbase\win32\sphinxbase\Debug\f2c_lite.obj
C:\Users\Gabri\Desktop\Sphinx\sphinxbase\win32\sphinxbase\Debug\feat.obj
C:\Users\Gabri\Desktop\Sphinx\sphinxbase\win32\sphinxbase\Debug\fe_interface.obj
C:\Users\Gabri\Desktop\Sphinx\sphinxbase\win32\sphinxbase\Debug\fe_noise.obj
C:\Users\Gabri\Desktop\Sphinx\sphinxbase\win32\sphinxbase\Debug\fe_prespch_buf.obj
C:\Users\Gabri\Desktop\Sphinx\sphinxbase\win32\sphinxbase\Debug\fe_sigproc.obj
C:\Users\Gabri\Desktop\Sphinx\sphinxbase\win32\sphinxbase\Debug\fe_warp.obj
C:\Users\Gabri\Desktop\Sphinx\sphinxbase\win32\sphinxbase\Debug\fe_warp_affine.obj
C:\Users\Gabri\Desktop\Sphinx\sphinxbase\win32\sphinxbase\Debug\fe_warp_inverse_linear.obj
C:\Users\Gabri\Desktop\Sphinx\sphinxbase\win32\sphinxbase\Debug\fe_warp_piecewise_linear.obj
C:\Users\Gabri\Desktop\Sphinx\sphinxbase\win32\sphinxbase\Debug\filename.obj
C:\Users\Gabri\Desktop\Sphinx\sphinxbase\win32\sphinxbase\Debug\fixlog.obj
C:\Users\Gabri\Desktop\Sphinx\sphinxbase\win32\sphinxbase\Debug\fsg_model.obj
C:\Users\Gabri\Desktop\Sphinx\sphinxbase\win32\sphinxbase\Debug\genrand.obj
C:\Users\Gabri\Desktop\Sphinx\sphinxbase\win32\sphinxbase\Debug\glist.obj
C:\Users\Gabri\Desktop\Sphinx\sphinxbase\win32\sphinxbase\Debug\hash_table.obj
C:\Users\Gabri\Desktop\Sphinx\sphinxbase\win32\sphinxbase\Debug\heap.obj
C:\Users\Gabri\Desktop\Sphinx\sphinxbase\win32\sphinxbase\Debug\huff_code.obj
C:\Users\Gabri\Desktop\Sphinx\sphinxbase\win32\sphinxbase\Debug\jsgf.obj
C:\Users\Gabri\Desktop\Sphinx\sphinxbase\win32\sphinxbase\Debug\jsgf_parser.obj
C:\Users\Gabri\Desktop\Sphinx\sphinxbase\win32\sphinxbase\Debug\jsgf_scanner.obj
C:\Users\Gabri\Desktop\Sphinx\sphinxbase\win32\sphinxbase\Debug\lda.obj
C:\Users\Gabri\Desktop\Sphinx\sphinxbase\win32\sphinxbase\Debug\listelem_alloc.obj
C:\Users\Gabri\Desktop\Sphinx\sphinxbase\win32\sphinxbase\Debug\lm3g_model.obj
C:\Users\Gabri\Desktop\Sphinx\sphinxbase\win32\sphinxbase\Debug\logmath.obj
C:\Users\Gabri\Desktop\Sphinx\sphinxbase\win32\sphinxbase\Debug\matrix.obj
C:\Users\Gabri\Desktop\Sphinx\sphinxbase\win32\sphinxbase\Debug\mmio.obj
C:\Users\Gabri\Desktop\Sphinx\sphinxbase\win32\sphinxbase\Debug\ngram_model.obj
C:\Users\Gabri\Desktop\Sphinx\sphinxbase\win32\sphinxbase\Debug\ngram_model_arpa.obj
C:\Users\Gabri\Desktop\Sphinx\sphinxbase\win32\sphinxbase\Debug\ngram_model_dmp.obj
C:\Users\Gabri\Desktop\Sphinx\sphinxbase\win32\sphinxbase\Debug\ngram_model_dmp32.obj
C:\Users\Gabri\Desktop\Sphinx\sphinxbase\win32\sphinxbase\Debug\ngram_model_set.obj
C:\Users\Gabri\Desktop\Sphinx\sphinxbase\win32\sphinxbase\Debug\pio.obj
C:\Users\Gabri\Desktop\Sphinx\sphinxbase\win32\sphinxbase\Debug\profile.obj
C:\Users\Gabri\Desktop\Sphinx\sphinxbase\win32\sphinxbase\Debug\sbthread.obj
C:\Users\Gabri\Desktop\Sphinx\sphinxbase\win32\sphinxbase\Debug\slamch.obj
C:\Users\Gabri\Desktop\Sphinx\sphinxbase\win32\sphinxbase\Debug\slapack_lite.obj
C:\Users\Gabri\Desktop\Sphinx\sphinxbase\win32\sphinxbase\Debug\strfuncs.obj
C:\Users\Gabri\Desktop\Sphinx\sphinxbase\win32\sphinxbase\Debug\yin.obj
C:\Users\Gabri\Desktop\Sphinx\sphinxbase\win32\sphinxbase\Debug\cl.command.1.tlog
C:\Users\Gabri\Desktop\Sphinx\sphinxbase\win32\sphinxbase\Debug\CL.read.1.tlog
C:\Users\Gabri\Desktop\Sphinx\sphinxbase\win32\sphinxbase\Debug\CL.write.1.tlog
C:\Users\Gabri\Desktop\Sphinx\sphinxbase\win32\sphinxbase\Debug\link-cvtres.read.1.tlog
C:\Users\Gabri\Desktop\Sphinx\sphinxbase\win32\sphinxbase\Debug\link-cvtres.write.1.tlog
C:\Users\Gabri\Desktop\Sphinx\sphinxbase\win32\sphinxbase\Debug\link-rc.read.1.tlog
C:\Users\Gabri\Desktop\Sphinx\sphinxbase\win32\sphinxbase\Debug\link-rc.write.1.tlog
C:\Users\Gabri\Desktop\Sphinx\sphinxbase\win32\sphinxbase\Debug\link.command.1.tlog
C:\Users\Gabri\Desktop\Sphinx\sphinxbase\win32\sphinxbase\Debug\link.read.1.tlog
C:\Users\Gabri\Desktop\Sphinx\sphinxbase\win32\sphinxbase\Debug\link.write.1.tlog
C:\Users\Gabri\Desktop\Sphinx\sphinxbase\win32\sphinxbase\Debug\sphinxbase.write.1.tlog
C:\Users\Gabri\Desktop\Sphinx\sphinxbase\win32\sphinxbase\Debug\vc110.idb
C:\Users\Gabri\Desktop\Sphinx\sphinxbase\win32\sphinxbase\Debug\vc110.pdb
C:\Users\Gabri\Desktop\Sphinx\sphinxbase\\bin\Debug\sphinxbase.pdb
C:\Users\Gabri\Desktop\Sphinx\sphinxbase\\bin\Debug\sphinxbase.dll
C:\Users\Gabri\Desktop\Sphinx\sphinxbase\\bin\Debug\sphinxbase.ilk
