Build started 17/03/2015 13:54:58.
     1>Project "C:\Users\Gabri\Desktop\Sphinx\sphinxbase\win32\sphinxbase\sphinxbase.vcxproj" on node 2 (Rebuild target(s)).
     1>ClCompile:
         C:\Program Files (x86)\Microsoft Visual Studio 11.0\VC\bin\CL.exe /c /I../../include/win32 /I../../include /ZI /nologo /W3 /WX- /Od /Oy- /D _DEBUG /D _USRDLL /D SPHINXBASE_EXPORTS /D HAVE_CONFIG_H /D _CRT_SECURE_NO_DEPRECATE /D _WINDLL /D _MBCS /Gm /EHsc /RTC1 /MDd /GS /fp:precise /Zc:wchar_t /Zc:forScope /Fo".\Debug/" /Fd".\Debug/vc110.pdb" /Gd /TC /analyze- /errorReport:prompt ..\..\src\libsphinxad\ad_win32.c ..\..\src\libsphinxbase\feat\agc.c ..\..\src\libsphinxbase\feat\cmn.c ..\..\src\libsphinxbase\feat\cmn_prior.c ..\..\src\libsphinxbase\feat\feat.c ..\..\src\libsphinxbase\feat\lda.c ..\..\src\libsphinxbase\fe\fe_interface.c ..\..\src\libsphinxbase\fe\fe_noise.c ..\..\src\libsphinxbase\fe\fe_prespch_buf.c ..\..\src\libsphinxbase\fe\fe_sigproc.c ..\..\src\libsphinxbase\fe\fe_warp_affine.c ..\..\src\libsphinxbase\fe\fe_warp.c ..\..\src\libsphinxbase\fe\fe_warp_inverse_linear.c ..\..\src\libsphinxbase\fe\fe_warp_piecewise_linear.c ..\..\src\libsphinxbase\fe\fixlog.c ..\..\src\libsphinxbase\fe\yin.c ..\..\src\libsphinxbase\lm\fsg_model.c ..\..\src\libsphinxbase\lm\jsgf.c ..\..\src\libsphinxbase\lm\jsgf_parser.c ..\..\src\libsphinxbase\lm\jsgf_scanner.c ..\..\src\libsphinxbase\lm\lm3g_model.c ..\..\src\libsphinxbase\lm\ngram_model_arpa.c ..\..\src\libsphinxbase\lm\ngram_model.c ..\..\src\libsphinxbase\lm\ngram_model_dmp32.c ..\..\src\libsphinxbase\lm\ngram_model_dmp.c ..\..\src\libsphinxbase\lm\ngram_model_set.c ..\..\src\libsphinxbase\util\bio.c ..\..\src\libsphinxbase\util\bitvec.c ..\..\src\libsphinxbase\util\blas_lite.c ..\..\src\libsphinxbase\util\case.c ..\..\src\libsphinxbase\util\ckd_alloc.c ..\..\src\libsphinxbase\util\cmd_ln.c ..\..\src\libsphinxbase\util\dtoa.c ..\..\src\libsphinxbase\util\err.c ..\..\src\libsphinxbase\util\f2c_lite.c ..\..\src\libsphinxbase\util\filename.c ..\..\src\libsphinxbase\util\genrand.c ..\..\src\libsphinxbase\util\glist.c ..\..\src\libsphinxbase\util\hash_table.c ..\..\src\libsphinxbase\util\heap.c ..\..\src\libsphinxbase\util\huff_code.c ..\..\src\libsphinxbase\util\listelem_alloc.c ..\..\src\libsphinxbase\util\logmath.c ..\..\src\libsphinxbase\util\matrix.c ..\..\src\libsphinxbase\util\mmio.c ..\..\src\libsphinxbase\util\pio.c ..\..\src\libsphinxbase\util\profile.c ..\..\src\libsphinxbase\util\sbthread.c ..\..\src\libsphinxbase\util\slamch.c ..\..\src\libsphinxbase\util\slapack_lite.c ..\..\src\libsphinxbase\util\strfuncs.c
         strfuncs.c
         slapack_lite.c
     1>c:\users\gabri\desktop\sphinx\sphinxbase\src\libsphinxbase\util\slapack_lite.c(1041): warning C4244: '=' : conversion from 'doublereal' to 'real', possible loss of data
     1>c:\users\gabri\desktop\sphinx\sphinxbase\src\libsphinxbase\util\slapack_lite.c(1046): warning C4244: '=' : conversion from 'double' to 'real', possible loss of data
     1>c:\users\gabri\desktop\sphinx\sphinxbase\src\libsphinxbase\util\slapack_lite.c(1074): warning C4244: '=' : conversion from 'doublereal' to 'real', possible loss of data
     1>c:\users\gabri\desktop\sphinx\sphinxbase\src\libsphinxbase\util\slapack_lite.c(1079): warning C4244: '=' : conversion from 'double' to 'real', possible loss of data
         slamch.c
         sbthread.c
         profile.c
         pio.c
         mmio.c
         matrix.c
     1>c:\users\gabri\desktop\sphinx\sphinxbase\src\libsphinxbase\util\matrix.c(71): warning C4244: '*=' : conversion from 'float64' to 'float32', possible loss of data
         logmath.c
         listelem_alloc.c
         huff_code.c
     1>c:\users\gabri\desktop\sphinx\sphinxbase\src\libsphinxbase\util\huff_code.c(339): warning C4018: '<' : signed/unsigned mismatch
     1>c:\users\gabri\desktop\sphinx\sphinxbase\src\libsphinxbase\util\huff_code.c(393): warning C4018: '<' : signed/unsigned mismatch
     1>c:\users\gabri\desktop\sphinx\sphinxbase\src\libsphinxbase\util\huff_code.c(429): warning C4018: '<' : signed/unsigned mismatch
     1>c:\users\gabri\desktop\sphinx\sphinxbase\src\libsphinxbase\util\huff_code.c(460): warning C4018: '<' : signed/unsigned mismatch
         heap.c
         hash_table.c
         glist.c
         genrand.c
         filename.c
         f2c_lite.c
         err.c
         dtoa.c
         cmd_ln.c
     1>c:\users\gabri\desktop\sphinx\sphinxbase\src\libsphinxbase\util\cmd_ln.c(151): warning C4090: 'function' : different 'const' qualifiers
     1>c:\users\gabri\desktop\sphinx\sphinxbase\src\libsphinxbase\util\cmd_ln.c(332): warning C4090: 'function' : different 'const' qualifiers
         Generating Code...
         Compiling...
         ckd_alloc.c
         case.c
         blas_lite.c
         bitvec.c
         bio.c
         ngram_model_set.c
     1>c:\users\gabri\desktop\sphinx\sphinxbase\src\libsphinxbase\lm\ngram_model_set.c(545): warning C4244: '=' : conversion from 'double' to 'float32', possible loss of data
     1>c:\users\gabri\desktop\sphinx\sphinxbase\src\libsphinxbase\lm\ngram_model_set.c(598): warning C4244: '=' : conversion from 'float64' to 'float32', possible loss of data
     1>c:\users\gabri\desktop\sphinx\sphinxbase\src\libsphinxbase\lm\ngram_model_set.c(803): warning C4244: 'function' : conversion from 'float64' to 'float32', possible loss of data
         ngram_model_dmp.c
     1>c:\users\gabri\desktop\sphinx\sphinxbase\src\libsphinxbase\lm\ngram_model_dmp.c(663): warning C4244: '=' : conversion from 'float64' to 'float32', possible loss of data
     1>c:\users\gabri\desktop\sphinx\sphinxbase\src\libsphinxbase\lm\ngram_model_dmp.c(665): warning C4244: '=' : conversion from 'float64' to 'float32', possible loss of data
     1>c:\users\gabri\desktop\sphinx\sphinxbase\src\libsphinxbase\lm\ngram_model_dmp.c(817): warning C4244: 'initializing' : conversion from 'float64' to 'float32', possible loss of data
     1>c:\users\gabri\desktop\sphinx\sphinxbase\src\libsphinxbase\lm\ngram_model_dmp.c(830): warning C4244: 'initializing' : conversion from 'float64' to 'float32', possible loss of data
     1>c:\users\gabri\desktop\sphinx\sphinxbase\src\libsphinxbase\lm\ngram_model_dmp.c(843): warning C4244: 'initializing' : conversion from 'float64' to 'float32', possible loss of data
         ngram_model_dmp32.c
         ngram_model.c
     1>c:\users\gabri\desktop\sphinx\sphinxbase\src\libsphinxbase\lm\ngram_model.c(512): warning C4018: '<' : signed/unsigned mismatch
         ngram_model_arpa.c
     1>c:\users\gabri\desktop\sphinx\sphinxbase\src\libsphinxbase\lm\lm3g_templates.c(56): warning C4018: '<' : signed/unsigned mismatch
     1>c:\users\gabri\desktop\sphinx\sphinxbase\src\libsphinxbase\lm\lm3g_templates.c(58): warning C4018: '>' : signed/unsigned mismatch
         lm3g_model.c
         jsgf_scanner.c
     1>jsgf_scanner.c(922): warning C4018: '<' : signed/unsigned mismatch
     1>_jsgf_scanner.l(84): warning C4244: '=' : conversion from 'double' to 'float', possible loss of data
     1>jsgf_scanner.c(1819): warning C4018: '<' : signed/unsigned mismatch
         jsgf_parser.c
         jsgf.c
     1>c:\users\gabri\desktop\sphinx\sphinxbase\src\libsphinxbase\lm\jsgf.c(925): warning C4090: 'function' : different 'const' qualifiers
         fsg_model.c
     1>c:\users\gabri\desktop\sphinx\sphinxbase\src\libsphinxbase\lm\fsg_model.c(668): warning C4244: '=' : conversion from 'double' to 'float32', possible loss of data
     1>c:\users\gabri\desktop\sphinx\sphinxbase\src\libsphinxbase\lm\fsg_model.c(871): warning C4244: 'function' : conversion from 'float32' to 'int', possible loss of data
         yin.c
         fixlog.c
         fe_warp_piecewise_linear.c
         fe_warp_inverse_linear.c
         fe_warp.c
         Generating Code...
         Compiling...
         fe_warp_affine.c
         fe_sigproc.c
         fe_prespch_buf.c
         fe_noise.c
         fe_interface.c
         lda.c
         feat.c
     1>c:\users\gabri\desktop\sphinx\sphinxbase\src\libsphinxbase\feat\feat.c(370): warning C4018: '>=' : signed/unsigned mismatch
     1>c:\users\gabri\desktop\sphinx\sphinxbase\src\libsphinxbase\feat\feat.c(404): warning C4018: '>=' : signed/unsigned mismatch
     1>c:\users\gabri\desktop\sphinx\sphinxbase\src\libsphinxbase\feat\feat.c(820): warning C4018: '<' : signed/unsigned mismatch
     1>c:\users\gabri\desktop\sphinx\sphinxbase\src\libsphinxbase\feat\feat.c(900): warning C4018: '<' : signed/unsigned mismatch
     1>c:\users\gabri\desktop\sphinx\sphinxbase\src\libsphinxbase\feat\feat.c(903): warning C4018: '<' : signed/unsigned mismatch
         cmn_prior.c
         cmn.c
         agc.c
         ad_win32.c
         Generating Code...
       Link:
         C:\Program Files (x86)\Microsoft Visual Studio 11.0\VC\bin\link.exe /ERRORREPORT:PROMPT /OUT:"../../bin/Debug/sphinxbase.dll" /NOLOGO winmm.lib kernel32.lib user32.lib gdi32.lib winspool.lib comdlg32.lib advapi32.lib shell32.lib ole32.lib oleaut32.lib uuid.lib odbc32.lib odbccp32.lib /MANIFEST /MANIFESTUAC:"level='asInvoker' uiAccess='false'" /manifest:embed /DEBUG /PDB:"../../bin/Debug/sphinxbase.pdb" /TLBID:1 /DYNAMICBASE:NO /IMPLIB:"../../bin/Debug/sphinxbase.lib" /MACHINE:X86 /SAFESEH:NO /DLL .\Debug/ad_win32.obj
         .\Debug/agc.obj
         .\Debug/cmn.obj
         .\Debug/cmn_prior.obj
         .\Debug/feat.obj
         .\Debug/lda.obj
         .\Debug/fe_interface.obj
         .\Debug/fe_noise.obj
         .\Debug/fe_prespch_buf.obj
         .\Debug/fe_sigproc.obj
         .\Debug/fe_warp_affine.obj
         .\Debug/fe_warp.obj
         .\Debug/fe_warp_inverse_linear.obj
         .\Debug/fe_warp_piecewise_linear.obj
         .\Debug/fixlog.obj
         .\Debug/yin.obj
         .\Debug/fsg_model.obj
         .\Debug/jsgf.obj
         .\Debug/jsgf_parser.obj
         .\Debug/jsgf_scanner.obj
         .\Debug/lm3g_model.obj
         .\Debug/ngram_model_arpa.obj
         .\Debug/ngram_model.obj
         .\Debug/ngram_model_dmp32.obj
         .\Debug/ngram_model_dmp.obj
         .\Debug/ngram_model_set.obj
         .\Debug/bio.obj
         .\Debug/bitvec.obj
         .\Debug/blas_lite.obj
         .\Debug/case.obj
         .\Debug/ckd_alloc.obj
         .\Debug/cmd_ln.obj
         .\Debug/dtoa.obj
         .\Debug/err.obj
         .\Debug/f2c_lite.obj
         .\Debug/filename.obj
         .\Debug/genrand.obj
         .\Debug/glist.obj
         .\Debug/hash_table.obj
         .\Debug/heap.obj
         .\Debug/huff_code.obj
         .\Debug/listelem_alloc.obj
         .\Debug/logmath.obj
         .\Debug/matrix.obj
         .\Debug/mmio.obj
         .\Debug/pio.obj
         .\Debug/profile.obj
         .\Debug/sbthread.obj
         .\Debug/slamch.obj
         .\Debug/slapack_lite.obj
         .\Debug/strfuncs.obj
            Creating library ../../bin/Debug/sphinxbase.lib and object ../../bin/Debug/sphinxbase.exp
         sphinxbase.vcxproj -> C:\Users\Gabri\Desktop\Sphinx\sphinxbase\\bin\Debug\sphinxbase.dll
     1>Done Building Project "C:\Users\Gabri\Desktop\Sphinx\sphinxbase\win32\sphinxbase\sphinxbase.vcxproj" (Rebuild target(s)).

Build succeeded.

Time Elapsed 00:00:06.73
