C:\USERS\NSHMY_000\DOWNLOADS\SPHINXBASE\WIN32\SPHINXBASE\RELEASE\JSGF_SCANNER.OBJ
C:\USERS\NSHMY_000\DOWNLOADS\SPHINXBASE\WIN32\SPHINXBASE\RELEASE\JSGF_PARSER.OBJ
C:\USERS\NSHMY_000\DOWNLOADS\SPHINXBASE\WIN32\SPHINXBASE\RELEASE\JSGF.OBJ
C:\USERS\NSHMY_000\DOWNLOADS\SPHINXBASE\WIN32\SPHINXBASE\RELEASE\FSG_MODEL.OBJ
C:\USERS\NSHMY_000\DOWNLOADS\SPHINXBASE\WIN32\SPHINXBASE\RELEASE\YIN.OBJ
C:\USERS\NSHMY_000\DOWNLOADS\SPHINXBASE\WIN32\SPHINXBASE\RELEASE\FIXLOG.OBJ
C:\USERS\NSHMY_000\DOWNLOADS\SPHINXBASE\WIN32\SPHINXBASE\RELEASE\FE_WARP_PIECEWISE_LINEAR.OBJ
C:\USERS\NSHMY_000\DOWNLOADS\SPHINXBASE\WIN32\SPHINXBASE\RELEASE\FE_WARP_INVERSE_LINEAR.OBJ
C:\USERS\NSHMY_000\DOWNLOADS\SPHINXBASE\WIN32\SPHINXBASE\RELEASE\FE_WARP.OBJ
C:\USERS\NSHMY_000\DOWNLOADS\SPHINXBASE\WIN32\SPHINXBASE\RELEASE\FE_WARP_AFFINE.OBJ
C:\USERS\NSHMY_000\DOWNLOADS\SPHINXBASE\WIN32\SPHINXBASE\RELEASE\FE_SIGPROC.OBJ
C:\USERS\NSHMY_000\DOWNLOADS\SPHINXBASE\WIN32\SPHINXBASE\RELEASE\FE_PRESPCH_BUF.OBJ
C:\USERS\NSHMY_000\DOWNLOADS\SPHINXBASE\WIN32\SPHINXBASE\RELEASE\FE_NOISE.OBJ
C:\USERS\NSHMY_000\DOWNLOADS\SPHINXBASE\WIN32\SPHINXBASE\RELEASE\FE_INTERFACE.OBJ
C:\USERS\NSHMY_000\DOWNLOADS\SPHINXBASE\WIN32\SPHINXBASE\RELEASE\LDA.OBJ
C:\USERS\NSHMY_000\DOWNLOADS\SPHINXBASE\WIN32\SPHINXBASE\RELEASE\FEAT.OBJ
C:\USERS\NSHMY_000\DOWNLOADS\SPHINXBASE\WIN32\SPHINXBASE\RELEASE\CMN_PRIOR.OBJ
C:\USERS\NSHMY_000\DOWNLOADS\SPHINXBASE\WIN32\SPHINXBASE\RELEASE\CMN.OBJ
C:\USERS\NSHMY_000\DOWNLOADS\SPHINXBASE\WIN32\SPHINXBASE\RELEASE\AGC.OBJ
C:\USERS\NSHMY_000\DOWNLOADS\SPHINXBASE\WIN32\SPHINXBASE\RELEASE\AD_WIN32.OBJ
C:\USERS\NSHMY_000\DOWNLOADS\SPHINXBASE\WIN32\SPHINXBASE\RELEASE\HEAP.OBJ
C:\USERS\NSHMY_000\DOWNLOADS\SPHINXBASE\WIN32\SPHINXBASE\RELEASE\HASH_TABLE.OBJ
C:\USERS\NSHMY_000\DOWNLOADS\SPHINXBASE\WIN32\SPHINXBASE\RELEASE\GLIST.OBJ
C:\USERS\NSHMY_000\DOWNLOADS\SPHINXBASE\WIN32\SPHINXBASE\RELEASE\GENRAND.OBJ
C:\USERS\NSHMY_000\DOWNLOADS\SPHINXBASE\WIN32\SPHINXBASE\RELEASE\FILENAME.OBJ
C:\USERS\NSHMY_000\DOWNLOADS\SPHINXBASE\WIN32\SPHINXBASE\RELEASE\F2C_LITE.OBJ
C:\USERS\NSHMY_000\DOWNLOADS\SPHINXBASE\WIN32\SPHINXBASE\RELEASE\ERR.OBJ
C:\USERS\NSHMY_000\DOWNLOADS\SPHINXBASE\WIN32\SPHINXBASE\RELEASE\DTOA.OBJ
C:\USERS\NSHMY_000\DOWNLOADS\SPHINXBASE\WIN32\SPHINXBASE\RELEASE\CMD_LN.OBJ
C:\USERS\NSHMY_000\DOWNLOADS\SPHINXBASE\WIN32\SPHINXBASE\RELEASE\CKD_ALLOC.OBJ
C:\USERS\NSHMY_000\DOWNLOADS\SPHINXBASE\WIN32\SPHINXBASE\RELEASE\CASE.OBJ
C:\USERS\NSHMY_000\DOWNLOADS\SPHINXBASE\WIN32\SPHINXBASE\RELEASE\BLAS_LITE.OBJ
C:\USERS\NSHMY_000\DOWNLOADS\SPHINXBASE\WIN32\SPHINXBASE\RELEASE\BITVEC.OBJ
C:\USERS\NSHMY_000\DOWNLOADS\SPHINXBASE\WIN32\SPHINXBASE\RELEASE\BIO.OBJ
C:\USERS\NSHMY_000\DOWNLOADS\SPHINXBASE\WIN32\SPHINXBASE\RELEASE\NGRAM_MODEL_SET.OBJ
C:\USERS\NSHMY_000\DOWNLOADS\SPHINXBASE\WIN32\SPHINXBASE\RELEASE\NGRAM_MODEL_DMP.OBJ
C:\USERS\NSHMY_000\DOWNLOADS\SPHINXBASE\WIN32\SPHINXBASE\RELEASE\NGRAM_MODEL_DMP32.OBJ
C:\USERS\NSHMY_000\DOWNLOADS\SPHINXBASE\WIN32\SPHINXBASE\RELEASE\NGRAM_MODEL.OBJ
C:\USERS\NSHMY_000\DOWNLOADS\SPHINXBASE\WIN32\SPHINXBASE\RELEASE\NGRAM_MODEL_ARPA.OBJ
C:\USERS\NSHMY_000\DOWNLOADS\SPHINXBASE\WIN32\SPHINXBASE\RELEASE\LM3G_MODEL.OBJ
C:\USERS\NSHMY_000\DOWNLOADS\SPHINXBASE\WIN32\SPHINXBASE\RELEASE\STRFUNCS.OBJ
C:\USERS\NSHMY_000\DOWNLOADS\SPHINXBASE\WIN32\SPHINXBASE\RELEASE\SLAPACK_LITE.OBJ
C:\USERS\NSHMY_000\DOWNLOADS\SPHINXBASE\WIN32\SPHINXBASE\RELEASE\SLAMCH.OBJ
C:\USERS\NSHMY_000\DOWNLOADS\SPHINXBASE\WIN32\SPHINXBASE\RELEASE\SBTHREAD.OBJ
C:\USERS\NSHMY_000\DOWNLOADS\SPHINXBASE\WIN32\SPHINXBASE\RELEASE\PROFILE.OBJ
C:\USERS\NSHMY_000\DOWNLOADS\SPHINXBASE\WIN32\SPHINXBASE\RELEASE\PIO.OBJ
C:\USERS\NSHMY_000\DOWNLOADS\SPHINXBASE\WIN32\SPHINXBASE\RELEASE\MMIO.OBJ
C:\USERS\NSHMY_000\DOWNLOADS\SPHINXBASE\WIN32\SPHINXBASE\RELEASE\MATRIX.OBJ
C:\USERS\NSHMY_000\DOWNLOADS\SPHINXBASE\WIN32\SPHINXBASE\RELEASE\LOGMATH.OBJ
C:\USERS\NSHMY_000\DOWNLOADS\SPHINXBASE\WIN32\SPHINXBASE\RELEASE\LISTELEM_ALLOC.OBJ
C:\USERS\NSHMY_000\DOWNLOADS\SPHINXBASE\WIN32\SPHINXBASE\RELEASE\HUFF_CODE.OBJ
C:\USERS\NSHMY_000\DOWNLOADS\SPHINXBASE\WIN32\SPHINXBASE\RELEASE\VC110.PDB
C:\USERS\GABRI\DESKTOP\SPHINX\SPHINXBASE\WIN32\SPHINXBASE\RELEASE\JSGF_SCANNER.OBJ
C:\USERS\GABRI\DESKTOP\SPHINX\SPHINXBASE\WIN32\SPHINXBASE\RELEASE\JSGF_PARSER.OBJ
C:\USERS\GABRI\DESKTOP\SPHINX\SPHINXBASE\WIN32\SPHINXBASE\RELEASE\JSGF.OBJ
C:\USERS\GABRI\DESKTOP\SPHINX\SPHINXBASE\WIN32\SPHINXBASE\RELEASE\FSG_MODEL.OBJ
C:\USERS\GABRI\DESKTOP\SPHINX\SPHINXBASE\WIN32\SPHINXBASE\RELEASE\YIN.OBJ
C:\USERS\GABRI\DESKTOP\SPHINX\SPHINXBASE\WIN32\SPHINXBASE\RELEASE\FIXLOG.OBJ
C:\USERS\GABRI\DESKTOP\SPHINX\SPHINXBASE\WIN32\SPHINXBASE\RELEASE\FE_WARP_PIECEWISE_LINEAR.OBJ
C:\USERS\GABRI\DESKTOP\SPHINX\SPHINXBASE\WIN32\SPHINXBASE\RELEASE\FE_WARP_INVERSE_LINEAR.OBJ
C:\USERS\GABRI\DESKTOP\SPHINX\SPHINXBASE\WIN32\SPHINXBASE\RELEASE\FE_WARP.OBJ
C:\USERS\GABRI\DESKTOP\SPHINX\SPHINXBASE\WIN32\SPHINXBASE\RELEASE\FE_WARP_AFFINE.OBJ
C:\USERS\GABRI\DESKTOP\SPHINX\SPHINXBASE\WIN32\SPHINXBASE\RELEASE\FE_SIGPROC.OBJ
C:\USERS\GABRI\DESKTOP\SPHINX\SPHINXBASE\WIN32\SPHINXBASE\RELEASE\FE_PRESPCH_BUF.OBJ
C:\USERS\GABRI\DESKTOP\SPHINX\SPHINXBASE\WIN32\SPHINXBASE\RELEASE\FE_NOISE.OBJ
C:\USERS\GABRI\DESKTOP\SPHINX\SPHINXBASE\WIN32\SPHINXBASE\RELEASE\FE_INTERFACE.OBJ
C:\USERS\GABRI\DESKTOP\SPHINX\SPHINXBASE\WIN32\SPHINXBASE\RELEASE\LDA.OBJ
C:\USERS\GABRI\DESKTOP\SPHINX\SPHINXBASE\WIN32\SPHINXBASE\RELEASE\FEAT.OBJ
C:\USERS\GABRI\DESKTOP\SPHINX\SPHINXBASE\WIN32\SPHINXBASE\RELEASE\CMN_PRIOR.OBJ
C:\USERS\GABRI\DESKTOP\SPHINX\SPHINXBASE\WIN32\SPHINXBASE\RELEASE\CMN.OBJ
C:\USERS\GABRI\DESKTOP\SPHINX\SPHINXBASE\WIN32\SPHINXBASE\RELEASE\AGC.OBJ
C:\USERS\GABRI\DESKTOP\SPHINX\SPHINXBASE\WIN32\SPHINXBASE\RELEASE\AD_WIN32.OBJ
C:\USERS\GABRI\DESKTOP\SPHINX\SPHINXBASE\WIN32\SPHINXBASE\RELEASE\HEAP.OBJ
C:\USERS\GABRI\DESKTOP\SPHINX\SPHINXBASE\WIN32\SPHINXBASE\RELEASE\HASH_TABLE.OBJ
C:\USERS\GABRI\DESKTOP\SPHINX\SPHINXBASE\WIN32\SPHINXBASE\RELEASE\GLIST.OBJ
C:\USERS\GABRI\DESKTOP\SPHINX\SPHINXBASE\WIN32\SPHINXBASE\RELEASE\GENRAND.OBJ
C:\USERS\GABRI\DESKTOP\SPHINX\SPHINXBASE\WIN32\SPHINXBASE\RELEASE\FILENAME.OBJ
C:\USERS\GABRI\DESKTOP\SPHINX\SPHINXBASE\WIN32\SPHINXBASE\RELEASE\F2C_LITE.OBJ
C:\USERS\GABRI\DESKTOP\SPHINX\SPHINXBASE\WIN32\SPHINXBASE\RELEASE\ERR.OBJ
C:\USERS\GABRI\DESKTOP\SPHINX\SPHINXBASE\WIN32\SPHINXBASE\RELEASE\DTOA.OBJ
C:\USERS\GABRI\DESKTOP\SPHINX\SPHINXBASE\WIN32\SPHINXBASE\RELEASE\CMD_LN.OBJ
C:\USERS\GABRI\DESKTOP\SPHINX\SPHINXBASE\WIN32\SPHINXBASE\RELEASE\CKD_ALLOC.OBJ
C:\USERS\GABRI\DESKTOP\SPHINX\SPHINXBASE\WIN32\SPHINXBASE\RELEASE\CASE.OBJ
C:\USERS\GABRI\DESKTOP\SPHINX\SPHINXBASE\WIN32\SPHINXBASE\RELEASE\BLAS_LITE.OBJ
C:\USERS\GABRI\DESKTOP\SPHINX\SPHINXBASE\WIN32\SPHINXBASE\RELEASE\BITVEC.OBJ
C:\USERS\GABRI\DESKTOP\SPHINX\SPHINXBASE\WIN32\SPHINXBASE\RELEASE\BIO.OBJ
C:\USERS\GABRI\DESKTOP\SPHINX\SPHINXBASE\WIN32\SPHINXBASE\RELEASE\NGRAM_MODEL_SET.OBJ
C:\USERS\GABRI\DESKTOP\SPHINX\SPHINXBASE\WIN32\SPHINXBASE\RELEASE\NGRAM_MODEL_DMP.OBJ
C:\USERS\GABRI\DESKTOP\SPHINX\SPHINXBASE\WIN32\SPHINXBASE\RELEASE\NGRAM_MODEL_DMP32.OBJ
C:\USERS\GABRI\DESKTOP\SPHINX\SPHINXBASE\WIN32\SPHINXBASE\RELEASE\NGRAM_MODEL.OBJ
C:\USERS\GABRI\DESKTOP\SPHINX\SPHINXBASE\WIN32\SPHINXBASE\RELEASE\NGRAM_MODEL_ARPA.OBJ
C:\USERS\GABRI\DESKTOP\SPHINX\SPHINXBASE\WIN32\SPHINXBASE\RELEASE\LM3G_MODEL.OBJ
C:\USERS\GABRI\DESKTOP\SPHINX\SPHINXBASE\WIN32\SPHINXBASE\RELEASE\STRFUNCS.OBJ
C:\USERS\GABRI\DESKTOP\SPHINX\SPHINXBASE\WIN32\SPHINXBASE\RELEASE\SLAPACK_LITE.OBJ
C:\USERS\GABRI\DESKTOP\SPHINX\SPHINXBASE\WIN32\SPHINXBASE\RELEASE\SLAMCH.OBJ
C:\USERS\GABRI\DESKTOP\SPHINX\SPHINXBASE\WIN32\SPHINXBASE\RELEASE\SBTHREAD.OBJ
C:\USERS\GABRI\DESKTOP\SPHINX\SPHINXBASE\WIN32\SPHINXBASE\RELEASE\PROFILE.OBJ
C:\USERS\GABRI\DESKTOP\SPHINX\SPHINXBASE\WIN32\SPHINXBASE\RELEASE\PIO.OBJ
C:\USERS\GABRI\DESKTOP\SPHINX\SPHINXBASE\WIN32\SPHINXBASE\RELEASE\MMIO.OBJ
C:\USERS\GABRI\DESKTOP\SPHINX\SPHINXBASE\WIN32\SPHINXBASE\RELEASE\MATRIX.OBJ
C:\USERS\GABRI\DESKTOP\SPHINX\SPHINXBASE\WIN32\SPHINXBASE\RELEASE\LOGMATH.OBJ
C:\USERS\GABRI\DESKTOP\SPHINX\SPHINXBASE\WIN32\SPHINXBASE\RELEASE\LISTELEM_ALLOC.OBJ
C:\USERS\GABRI\DESKTOP\SPHINX\SPHINXBASE\WIN32\SPHINXBASE\RELEASE\HUFF_CODE.OBJ
C:\USERS\GABRI\DESKTOP\SPHINX\SPHINXBASE\WIN32\SPHINXBASE\RELEASE\VC110.PDB
C:\USERS\NSHMY_000\DOWNLOADS\SPHINXBASE\BIN\RELEASE\SPHINXBASE.DLL
C:\USERS\GABRI\DESKTOP\SPHINX\SPHINXBASE\BIN\RELEASE\SPHINXBASE.DLL
C:\Users\nshmy_000\Downloads\sphinxbase\bin\Release\sphinxbase.lib
C:\Users\nshmy_000\Downloads\sphinxbase\bin\Release\sphinxbase.exp
C:\Users\Gabri\Desktop\Sphinx\sphinxbase\bin\Release\sphinxbase.lib
C:\Users\Gabri\Desktop\Sphinx\sphinxbase\bin\Release\sphinxbase.exp
C:\Users\Gabri\Desktop\Sphinx\sphinxbase\win32\sphinxbase\Release\ad_win32.obj
C:\Users\Gabri\Desktop\Sphinx\sphinxbase\win32\sphinxbase\Release\agc.obj
C:\Users\Gabri\Desktop\Sphinx\sphinxbase\win32\sphinxbase\Release\bio.obj
C:\Users\Gabri\Desktop\Sphinx\sphinxbase\win32\sphinxbase\Release\bitvec.obj
C:\Users\Gabri\Desktop\Sphinx\sphinxbase\win32\sphinxbase\Release\blas_lite.obj
C:\Users\Gabri\Desktop\Sphinx\sphinxbase\win32\sphinxbase\Release\case.obj
C:\Users\Gabri\Desktop\Sphinx\sphinxbase\win32\sphinxbase\Release\ckd_alloc.obj
C:\Users\Gabri\Desktop\Sphinx\sphinxbase\win32\sphinxbase\Release\cmd_ln.obj
C:\Users\Gabri\Desktop\Sphinx\sphinxbase\win32\sphinxbase\Release\cmn.obj
C:\Users\Gabri\Desktop\Sphinx\sphinxbase\win32\sphinxbase\Release\cmn_prior.obj
C:\Users\Gabri\Desktop\Sphinx\sphinxbase\win32\sphinxbase\Release\dtoa.obj
C:\Users\Gabri\Desktop\Sphinx\sphinxbase\win32\sphinxbase\Release\err.obj
C:\Users\Gabri\Desktop\Sphinx\sphinxbase\win32\sphinxbase\Release\f2c_lite.obj
C:\Users\Gabri\Desktop\Sphinx\sphinxbase\win32\sphinxbase\Release\feat.obj
C:\Users\Gabri\Desktop\Sphinx\sphinxbase\win32\sphinxbase\Release\fe_interface.obj
C:\Users\Gabri\Desktop\Sphinx\sphinxbase\win32\sphinxbase\Release\fe_noise.obj
C:\Users\Gabri\Desktop\Sphinx\sphinxbase\win32\sphinxbase\Release\fe_prespch_buf.obj
C:\Users\Gabri\Desktop\Sphinx\sphinxbase\win32\sphinxbase\Release\fe_sigproc.obj
C:\Users\Gabri\Desktop\Sphinx\sphinxbase\win32\sphinxbase\Release\fe_warp.obj
C:\Users\Gabri\Desktop\Sphinx\sphinxbase\win32\sphinxbase\Release\fe_warp_affine.obj
C:\Users\Gabri\Desktop\Sphinx\sphinxbase\win32\sphinxbase\Release\fe_warp_inverse_linear.obj
C:\Users\Gabri\Desktop\Sphinx\sphinxbase\win32\sphinxbase\Release\fe_warp_piecewise_linear.obj
C:\Users\Gabri\Desktop\Sphinx\sphinxbase\win32\sphinxbase\Release\filename.obj
C:\Users\Gabri\Desktop\Sphinx\sphinxbase\win32\sphinxbase\Release\fixlog.obj
C:\Users\Gabri\Desktop\Sphinx\sphinxbase\win32\sphinxbase\Release\fsg_model.obj
C:\Users\Gabri\Desktop\Sphinx\sphinxbase\win32\sphinxbase\Release\genrand.obj
C:\Users\Gabri\Desktop\Sphinx\sphinxbase\win32\sphinxbase\Release\glist.obj
C:\Users\Gabri\Desktop\Sphinx\sphinxbase\win32\sphinxbase\Release\hash_table.obj
C:\Users\Gabri\Desktop\Sphinx\sphinxbase\win32\sphinxbase\Release\heap.obj
C:\Users\Gabri\Desktop\Sphinx\sphinxbase\win32\sphinxbase\Release\huff_code.obj
C:\Users\Gabri\Desktop\Sphinx\sphinxbase\win32\sphinxbase\Release\jsgf.obj
C:\Users\Gabri\Desktop\Sphinx\sphinxbase\win32\sphinxbase\Release\jsgf_parser.obj
C:\Users\Gabri\Desktop\Sphinx\sphinxbase\win32\sphinxbase\Release\jsgf_scanner.obj
C:\Users\Gabri\Desktop\Sphinx\sphinxbase\win32\sphinxbase\Release\lda.obj
C:\Users\Gabri\Desktop\Sphinx\sphinxbase\win32\sphinxbase\Release\listelem_alloc.obj
C:\Users\Gabri\Desktop\Sphinx\sphinxbase\win32\sphinxbase\Release\lm3g_model.obj
C:\Users\Gabri\Desktop\Sphinx\sphinxbase\win32\sphinxbase\Release\logmath.obj
C:\Users\Gabri\Desktop\Sphinx\sphinxbase\win32\sphinxbase\Release\matrix.obj
C:\Users\Gabri\Desktop\Sphinx\sphinxbase\win32\sphinxbase\Release\mmio.obj
C:\Users\Gabri\Desktop\Sphinx\sphinxbase\win32\sphinxbase\Release\ngram_model.obj
C:\Users\Gabri\Desktop\Sphinx\sphinxbase\win32\sphinxbase\Release\ngram_model_arpa.obj
C:\Users\Gabri\Desktop\Sphinx\sphinxbase\win32\sphinxbase\Release\ngram_model_dmp.obj
C:\Users\Gabri\Desktop\Sphinx\sphinxbase\win32\sphinxbase\Release\ngram_model_dmp32.obj
C:\Users\Gabri\Desktop\Sphinx\sphinxbase\win32\sphinxbase\Release\ngram_model_set.obj
C:\Users\Gabri\Desktop\Sphinx\sphinxbase\win32\sphinxbase\Release\pio.obj
C:\Users\Gabri\Desktop\Sphinx\sphinxbase\win32\sphinxbase\Release\profile.obj
C:\Users\Gabri\Desktop\Sphinx\sphinxbase\win32\sphinxbase\Release\sbthread.obj
C:\Users\Gabri\Desktop\Sphinx\sphinxbase\win32\sphinxbase\Release\slamch.obj
C:\Users\Gabri\Desktop\Sphinx\sphinxbase\win32\sphinxbase\Release\slapack_lite.obj
C:\Users\Gabri\Desktop\Sphinx\sphinxbase\win32\sphinxbase\Release\strfuncs.obj
C:\Users\Gabri\Desktop\Sphinx\sphinxbase\win32\sphinxbase\Release\yin.obj
C:\Users\Gabri\Desktop\Sphinx\sphinxbase\win32\sphinxbase\Release\cl.command.1.tlog
C:\Users\Gabri\Desktop\Sphinx\sphinxbase\win32\sphinxbase\Release\CL.read.1.tlog
C:\Users\Gabri\Desktop\Sphinx\sphinxbase\win32\sphinxbase\Release\CL.write.1.tlog
C:\Users\Gabri\Desktop\Sphinx\sphinxbase\win32\sphinxbase\Release\link-cvtres.read.1.tlog
C:\Users\Gabri\Desktop\Sphinx\sphinxbase\win32\sphinxbase\Release\link-cvtres.write.1.tlog
C:\Users\Gabri\Desktop\Sphinx\sphinxbase\win32\sphinxbase\Release\link-rc.read.1.tlog
C:\Users\Gabri\Desktop\Sphinx\sphinxbase\win32\sphinxbase\Release\link-rc.write.1.tlog
C:\Users\Gabri\Desktop\Sphinx\sphinxbase\win32\sphinxbase\Release\link.command.1.tlog
C:\Users\Gabri\Desktop\Sphinx\sphinxbase\win32\sphinxbase\Release\link.read.1.tlog
C:\Users\Gabri\Desktop\Sphinx\sphinxbase\win32\sphinxbase\Release\link.write.1.tlog
C:\Users\Gabri\Desktop\Sphinx\sphinxbase\win32\sphinxbase\Release\sphinxbase.write.1.tlog
C:\Users\Gabri\Desktop\Sphinx\sphinxbase\\bin\Release\sphinxbase.dll
