C:\USERS\GABRI\DESKTOP\SPHINX\POCKETSPHINX-5PREALPHA-WIN32\WIN32\POCKETSPHINX_CONTINUOUS\DEBUG\CONTINUOUS.OBJ
C:\USERS\GABRI\DESKTOP\SPHINX\POCKETSPHINX-5PREALPHA-WIN32\WIN32\POCKETSPHINX_CONTINUOUS\DEBUG\VC110.PDB
C:\USERS\GABRI\DESKTOP\SPHINX\POCKETSPHINX-5PREALPHA-WIN32\BIN\DEBUG\POCKETSPHINX_CONTINUOUS.ILK
C:\USERS\GABRI\DESKTOP\SPHINX\POCKETSPHINX-5PREALPHA-WIN32\BIN\DEBUG\POCKETSPHINX_CONTINUOUS.EXE
C:\USERS\GABRI\DESKTOP\SPHINX\POCKETSPHINX-5PREALPHA-WIN32\BIN\DEBUG\POCKETSPHINX_CONTINUOUS.PDB
C:\Users\Gabri\Desktop\Sphinx\pocketsphinx-5prealpha-win32\win32\pocketsphinx_continuous\Debug\pocketsphinx_continuous.vcxprojResolveAssemblyReference.cache
C:\Users\Gabri\Desktop\Sphinx\pocketsphinx-5prealpha-win32\win32\pocketsphinx_continuous\Debug\continuous.obj
C:\Users\Gabri\Desktop\Sphinx\pocketsphinx-5prealpha-win32\win32\pocketsphinx_continuous\Debug\cl.command.1.tlog
C:\Users\Gabri\Desktop\Sphinx\pocketsphinx-5prealpha-win32\win32\pocketsphinx_continuous\Debug\CL.read.1.tlog
C:\Users\Gabri\Desktop\Sphinx\pocketsphinx-5prealpha-win32\win32\pocketsphinx_continuous\Debug\CL.write.1.tlog
C:\Users\Gabri\Desktop\Sphinx\pocketsphinx-5prealpha-win32\win32\pocketsphinx_continuous\Debug\link-cvtres.read.1.tlog
C:\Users\Gabri\Desktop\Sphinx\pocketsphinx-5prealpha-win32\win32\pocketsphinx_continuous\Debug\link-cvtres.write.1.tlog
C:\Users\Gabri\Desktop\Sphinx\pocketsphinx-5prealpha-win32\win32\pocketsphinx_continuous\Debug\link-rc.read.1.tlog
C:\Users\Gabri\Desktop\Sphinx\pocketsphinx-5prealpha-win32\win32\pocketsphinx_continuous\Debug\link-rc.write.1.tlog
C:\Users\Gabri\Desktop\Sphinx\pocketsphinx-5prealpha-win32\win32\pocketsphinx_continuous\Debug\link.command.1.tlog
C:\Users\Gabri\Desktop\Sphinx\pocketsphinx-5prealpha-win32\win32\pocketsphinx_continuous\Debug\link.read.1.tlog
C:\Users\Gabri\Desktop\Sphinx\pocketsphinx-5prealpha-win32\win32\pocketsphinx_continuous\Debug\link.write.1.tlog
C:\Users\Gabri\Desktop\Sphinx\pocketsphinx-5prealpha-win32\win32\pocketsphinx_continuous\Debug\vc110.idb
C:\Users\Gabri\Desktop\Sphinx\pocketsphinx-5prealpha-win32\win32\pocketsphinx_continuous\Debug\vc110.pdb
C:\Users\Gabri\Desktop\Sphinx\pocketsphinx-5prealpha-win32\\bin\Debug\pocketsphinx_continuous.pdb
C:\Users\Gabri\Desktop\Sphinx\pocketsphinx-5prealpha-win32\\bin\Debug\pocketsphinx_continuous.exe
C:\Users\Gabri\Desktop\Sphinx\pocketsphinx-5prealpha-win32\\bin\Debug\pocketsphinx_continuous.ilk
