C:\USERS\GABRI\DESKTOP\SPHINX\POCKETSPHINX-5PREALPHA-WIN32\WIN32\POCKETSPHINX_MDEF_CONVERT\DEBUG\MDEF_CONVERT.OBJ
C:\USERS\GABRI\DESKTOP\SPHINX\POCKETSPHINX-5PREALPHA-WIN32\WIN32\POCKETSPHINX_MDEF_CONVERT\DEBUG\VC110.PDB
C:\USERS\GABRI\DESKTOP\SPHINX\POCKETSPHINX-5PREALPHA-WIN32\BIN\DEBUG\POCKETSPHINX_MDEF_CONVERT.ILK
C:\USERS\GABRI\DESKTOP\SPHINX\POCKETSPHINX-5PREALPHA-WIN32\BIN\DEBUG\POCKETSPHINX_MDEF_CONVERT.EXE
C:\USERS\GABRI\DESKTOP\SPHINX\POCKETSPHINX-5PREALPHA-WIN32\BIN\DEBUG\POCKETSPHINX_MDEF_CONVERT.PDB
C:\Users\Gabri\Desktop\Sphinx\pocketsphinx-5prealpha-win32\win32\pocketsphinx_mdef_convert\Debug\pocketsphinx_mdef_convert.vcxprojResolveAssemblyReference.cache
C:\Users\Gabri\Desktop\Sphinx\pocketsphinx-5prealpha-win32\win32\pocketsphinx_mdef_convert\Debug\mdef_convert.obj
C:\Users\Gabri\Desktop\Sphinx\pocketsphinx-5prealpha-win32\win32\pocketsphinx_mdef_convert\Debug\cl.command.1.tlog
C:\Users\Gabri\Desktop\Sphinx\pocketsphinx-5prealpha-win32\win32\pocketsphinx_mdef_convert\Debug\CL.read.1.tlog
C:\Users\Gabri\Desktop\Sphinx\pocketsphinx-5prealpha-win32\win32\pocketsphinx_mdef_convert\Debug\CL.write.1.tlog
C:\Users\Gabri\Desktop\Sphinx\pocketsphinx-5prealpha-win32\win32\pocketsphinx_mdef_convert\Debug\link-cvtres.read.1.tlog
C:\Users\Gabri\Desktop\Sphinx\pocketsphinx-5prealpha-win32\win32\pocketsphinx_mdef_convert\Debug\link-cvtres.write.1.tlog
C:\Users\Gabri\Desktop\Sphinx\pocketsphinx-5prealpha-win32\win32\pocketsphinx_mdef_convert\Debug\link-rc.read.1.tlog
C:\Users\Gabri\Desktop\Sphinx\pocketsphinx-5prealpha-win32\win32\pocketsphinx_mdef_convert\Debug\link-rc.write.1.tlog
C:\Users\Gabri\Desktop\Sphinx\pocketsphinx-5prealpha-win32\win32\pocketsphinx_mdef_convert\Debug\link.command.1.tlog
C:\Users\Gabri\Desktop\Sphinx\pocketsphinx-5prealpha-win32\win32\pocketsphinx_mdef_convert\Debug\link.read.1.tlog
C:\Users\Gabri\Desktop\Sphinx\pocketsphinx-5prealpha-win32\win32\pocketsphinx_mdef_convert\Debug\link.write.1.tlog
C:\Users\Gabri\Desktop\Sphinx\pocketsphinx-5prealpha-win32\win32\pocketsphinx_mdef_convert\Debug\vc110.pdb
C:\Users\Gabri\Desktop\Sphinx\pocketsphinx-5prealpha-win32\\bin\Debug\pocketsphinx_mdef_convert.pdb
C:\Users\Gabri\Desktop\Sphinx\pocketsphinx-5prealpha-win32\\bin\Debug\pocketsphinx_mdef_convert.exe
C:\Users\Gabri\Desktop\Sphinx\pocketsphinx-5prealpha-win32\\bin\Debug\pocketsphinx_mdef_convert.ilk
