C:\USERS\GABRI\DESKTOP\SPHINX\POCKETSPHINX-5PREALPHA-WIN32\WIN32\POCKETSPHINX\DEBUG\FSG_LEXTREE.OBJ
C:\USERS\GABRI\DESKTOP\SPHINX\POCKETSPHINX-5PREALPHA-WIN32\WIN32\POCKETSPHINX\DEBUG\FSG_SEARCH.OBJ
C:\USERS\GABRI\DESKTOP\SPHINX\POCKETSPHINX-5PREALPHA-WIN32\WIN32\POCKETSPHINX\DEBUG\HMM.OBJ
C:\USERS\GABRI\DESKTOP\SPHINX\POCKETSPHINX-5PREALPHA-WIN32\WIN32\POCKETSPHINX\DEBUG\KWS_DETECTIONS.OBJ
C:\USERS\GABRI\DESKTOP\SPHINX\POCKETSPHINX-5PREALPHA-WIN32\WIN32\POCKETSPHINX\DEBUG\KWS_SEARCH.OBJ
C:\USERS\GABRI\DESKTOP\SPHINX\POCKETSPHINX-5PREALPHA-WIN32\WIN32\POCKETSPHINX\DEBUG\MDEF.OBJ
C:\USERS\GABRI\DESKTOP\SPHINX\POCKETSPHINX-5PREALPHA-WIN32\WIN32\POCKETSPHINX\DEBUG\MS_GAUDEN.OBJ
C:\USERS\GABRI\DESKTOP\SPHINX\POCKETSPHINX-5PREALPHA-WIN32\WIN32\POCKETSPHINX\DEBUG\MS_MGAU.OBJ
C:\USERS\GABRI\DESKTOP\SPHINX\POCKETSPHINX-5PREALPHA-WIN32\WIN32\POCKETSPHINX\DEBUG\MS_SENONE.OBJ
C:\USERS\GABRI\DESKTOP\SPHINX\POCKETSPHINX-5PREALPHA-WIN32\WIN32\POCKETSPHINX\DEBUG\NGRAM_SEARCH.OBJ
C:\USERS\GABRI\DESKTOP\SPHINX\POCKETSPHINX-5PREALPHA-WIN32\WIN32\POCKETSPHINX\DEBUG\NGRAM_SEARCH_FWDFLAT.OBJ
C:\USERS\GABRI\DESKTOP\SPHINX\POCKETSPHINX-5PREALPHA-WIN32\WIN32\POCKETSPHINX\DEBUG\NGRAM_SEARCH_FWDTREE.OBJ
C:\USERS\GABRI\DESKTOP\SPHINX\POCKETSPHINX-5PREALPHA-WIN32\WIN32\POCKETSPHINX\DEBUG\PHONE_LOOP_SEARCH.OBJ
C:\USERS\GABRI\DESKTOP\SPHINX\POCKETSPHINX-5PREALPHA-WIN32\WIN32\POCKETSPHINX\DEBUG\POCKETSPHINX.OBJ
C:\USERS\GABRI\DESKTOP\SPHINX\POCKETSPHINX-5PREALPHA-WIN32\WIN32\POCKETSPHINX\DEBUG\PS_LATTICE.OBJ
C:\USERS\GABRI\DESKTOP\SPHINX\POCKETSPHINX-5PREALPHA-WIN32\WIN32\POCKETSPHINX\DEBUG\PS_MLLR.OBJ
C:\USERS\GABRI\DESKTOP\SPHINX\POCKETSPHINX-5PREALPHA-WIN32\WIN32\POCKETSPHINX\DEBUG\PTM_MGAU.OBJ
C:\USERS\GABRI\DESKTOP\SPHINX\POCKETSPHINX-5PREALPHA-WIN32\WIN32\POCKETSPHINX\DEBUG\S2_SEMI_MGAU.OBJ
C:\USERS\GABRI\DESKTOP\SPHINX\POCKETSPHINX-5PREALPHA-WIN32\WIN32\POCKETSPHINX\DEBUG\TMAT.OBJ
C:\USERS\GABRI\DESKTOP\SPHINX\POCKETSPHINX-5PREALPHA-WIN32\WIN32\POCKETSPHINX\DEBUG\VECTOR.OBJ
C:\USERS\GABRI\DESKTOP\SPHINX\POCKETSPHINX-5PREALPHA-WIN32\WIN32\POCKETSPHINX\DEBUG\ACMOD.OBJ
C:\USERS\GABRI\DESKTOP\SPHINX\POCKETSPHINX-5PREALPHA-WIN32\WIN32\POCKETSPHINX\DEBUG\ALLPHONE_SEARCH.OBJ
C:\USERS\GABRI\DESKTOP\SPHINX\POCKETSPHINX-5PREALPHA-WIN32\WIN32\POCKETSPHINX\DEBUG\BIN_MDEF.OBJ
C:\USERS\GABRI\DESKTOP\SPHINX\POCKETSPHINX-5PREALPHA-WIN32\WIN32\POCKETSPHINX\DEBUG\BLKARRAY_LIST.OBJ
C:\USERS\GABRI\DESKTOP\SPHINX\POCKETSPHINX-5PREALPHA-WIN32\WIN32\POCKETSPHINX\DEBUG\DICT.OBJ
C:\USERS\GABRI\DESKTOP\SPHINX\POCKETSPHINX-5PREALPHA-WIN32\WIN32\POCKETSPHINX\DEBUG\DICT2PID.OBJ
C:\USERS\GABRI\DESKTOP\SPHINX\POCKETSPHINX-5PREALPHA-WIN32\WIN32\POCKETSPHINX\DEBUG\FSG_HISTORY.OBJ
C:\USERS\GABRI\DESKTOP\SPHINX\POCKETSPHINX-5PREALPHA-WIN32\WIN32\POCKETSPHINX\DEBUG\VC110.PDB
C:\USERS\GABRI\DESKTOP\SPHINX\POCKETSPHINX-5PREALPHA-WIN32\BIN\DEBUG\POCKETSPHINX.ILK
C:\USERS\GABRI\DESKTOP\SPHINX\POCKETSPHINX-5PREALPHA-WIN32\BIN\DEBUG\POCKETSPHINX.DLL
C:\USERS\GABRI\DESKTOP\SPHINX\POCKETSPHINX-5PREALPHA-WIN32\BIN\DEBUG\POCKETSPHINX.PDB
C:\Users\Gabri\Desktop\Sphinx\pocketsphinx-5prealpha-win32\bin\Debug\pocketsphinx.lib
C:\Users\Gabri\Desktop\Sphinx\pocketsphinx-5prealpha-win32\bin\Debug\pocketsphinx.exp
C:\Users\Gabri\Desktop\Sphinx\pocketsphinx-5prealpha-win32\win32\pocketsphinx\Debug\acmod.obj
C:\Users\Gabri\Desktop\Sphinx\pocketsphinx-5prealpha-win32\win32\pocketsphinx\Debug\allphone_search.obj
C:\Users\Gabri\Desktop\Sphinx\pocketsphinx-5prealpha-win32\win32\pocketsphinx\Debug\bin_mdef.obj
C:\Users\Gabri\Desktop\Sphinx\pocketsphinx-5prealpha-win32\win32\pocketsphinx\Debug\blkarray_list.obj
C:\Users\Gabri\Desktop\Sphinx\pocketsphinx-5prealpha-win32\win32\pocketsphinx\Debug\dict.obj
C:\Users\Gabri\Desktop\Sphinx\pocketsphinx-5prealpha-win32\win32\pocketsphinx\Debug\dict2pid.obj
C:\Users\Gabri\Desktop\Sphinx\pocketsphinx-5prealpha-win32\win32\pocketsphinx\Debug\fsg_history.obj
C:\Users\Gabri\Desktop\Sphinx\pocketsphinx-5prealpha-win32\win32\pocketsphinx\Debug\fsg_lextree.obj
C:\Users\Gabri\Desktop\Sphinx\pocketsphinx-5prealpha-win32\win32\pocketsphinx\Debug\fsg_search.obj
C:\Users\Gabri\Desktop\Sphinx\pocketsphinx-5prealpha-win32\win32\pocketsphinx\Debug\hmm.obj
C:\Users\Gabri\Desktop\Sphinx\pocketsphinx-5prealpha-win32\win32\pocketsphinx\Debug\kws_detections.obj
C:\Users\Gabri\Desktop\Sphinx\pocketsphinx-5prealpha-win32\win32\pocketsphinx\Debug\kws_search.obj
C:\Users\Gabri\Desktop\Sphinx\pocketsphinx-5prealpha-win32\win32\pocketsphinx\Debug\mdef.obj
C:\Users\Gabri\Desktop\Sphinx\pocketsphinx-5prealpha-win32\win32\pocketsphinx\Debug\ms_gauden.obj
C:\Users\Gabri\Desktop\Sphinx\pocketsphinx-5prealpha-win32\win32\pocketsphinx\Debug\ms_mgau.obj
C:\Users\Gabri\Desktop\Sphinx\pocketsphinx-5prealpha-win32\win32\pocketsphinx\Debug\ms_senone.obj
C:\Users\Gabri\Desktop\Sphinx\pocketsphinx-5prealpha-win32\win32\pocketsphinx\Debug\ngram_search.obj
C:\Users\Gabri\Desktop\Sphinx\pocketsphinx-5prealpha-win32\win32\pocketsphinx\Debug\ngram_search_fwdflat.obj
C:\Users\Gabri\Desktop\Sphinx\pocketsphinx-5prealpha-win32\win32\pocketsphinx\Debug\ngram_search_fwdtree.obj
C:\Users\Gabri\Desktop\Sphinx\pocketsphinx-5prealpha-win32\win32\pocketsphinx\Debug\phone_loop_search.obj
C:\Users\Gabri\Desktop\Sphinx\pocketsphinx-5prealpha-win32\win32\pocketsphinx\Debug\pocketsphinx.obj
C:\Users\Gabri\Desktop\Sphinx\pocketsphinx-5prealpha-win32\win32\pocketsphinx\Debug\ps_lattice.obj
C:\Users\Gabri\Desktop\Sphinx\pocketsphinx-5prealpha-win32\win32\pocketsphinx\Debug\ps_mllr.obj
C:\Users\Gabri\Desktop\Sphinx\pocketsphinx-5prealpha-win32\win32\pocketsphinx\Debug\ptm_mgau.obj
C:\Users\Gabri\Desktop\Sphinx\pocketsphinx-5prealpha-win32\win32\pocketsphinx\Debug\s2_semi_mgau.obj
C:\Users\Gabri\Desktop\Sphinx\pocketsphinx-5prealpha-win32\win32\pocketsphinx\Debug\tmat.obj
C:\Users\Gabri\Desktop\Sphinx\pocketsphinx-5prealpha-win32\win32\pocketsphinx\Debug\vector.obj
C:\Users\Gabri\Desktop\Sphinx\pocketsphinx-5prealpha-win32\win32\pocketsphinx\Debug\cl.command.1.tlog
C:\Users\Gabri\Desktop\Sphinx\pocketsphinx-5prealpha-win32\win32\pocketsphinx\Debug\CL.read.1.tlog
C:\Users\Gabri\Desktop\Sphinx\pocketsphinx-5prealpha-win32\win32\pocketsphinx\Debug\CL.write.1.tlog
C:\Users\Gabri\Desktop\Sphinx\pocketsphinx-5prealpha-win32\win32\pocketsphinx\Debug\link-cvtres.read.1.tlog
C:\Users\Gabri\Desktop\Sphinx\pocketsphinx-5prealpha-win32\win32\pocketsphinx\Debug\link-cvtres.write.1.tlog
C:\Users\Gabri\Desktop\Sphinx\pocketsphinx-5prealpha-win32\win32\pocketsphinx\Debug\link-rc.read.1.tlog
C:\Users\Gabri\Desktop\Sphinx\pocketsphinx-5prealpha-win32\win32\pocketsphinx\Debug\link-rc.write.1.tlog
C:\Users\Gabri\Desktop\Sphinx\pocketsphinx-5prealpha-win32\win32\pocketsphinx\Debug\link.command.1.tlog
C:\Users\Gabri\Desktop\Sphinx\pocketsphinx-5prealpha-win32\win32\pocketsphinx\Debug\link.read.1.tlog
C:\Users\Gabri\Desktop\Sphinx\pocketsphinx-5prealpha-win32\win32\pocketsphinx\Debug\link.write.1.tlog
C:\Users\Gabri\Desktop\Sphinx\pocketsphinx-5prealpha-win32\win32\pocketsphinx\Debug\pocketsphinx.write.1.tlog
C:\Users\Gabri\Desktop\Sphinx\pocketsphinx-5prealpha-win32\win32\pocketsphinx\Debug\vc110.idb
C:\Users\Gabri\Desktop\Sphinx\pocketsphinx-5prealpha-win32\win32\pocketsphinx\Debug\vc110.pdb
C:\Users\Gabri\Desktop\Sphinx\pocketsphinx-5prealpha-win32\\bin\Debug\pocketsphinx.pdb
C:\Users\Gabri\Desktop\Sphinx\pocketsphinx-5prealpha-win32\\bin\Debug\pocketsphinx.dll
C:\Users\Gabri\Desktop\Sphinx\pocketsphinx-5prealpha-win32\\bin\Debug\pocketsphinx.ilk
